---------------------------------------------------------------
[ 2019-11-06T11:18:42+08:00 ] 123.52.87.56 GET /admin/index/index.html
[ sql ] [ DB ] CONNECT:[ UseTime:0.000577s ] mysql:host=127.0.0.1;port=3306;dbname=iliao_db;charset=utf8mb4
[ sql ] [ SQL ] SHOW COLUMNS FROM `t_hook` [ RunTime:0.000630s ]
[ sql ] [ SQL ] SELECT `hook` FROM `t_hook` WHERE  `app` = 'admin' [ RunTime:0.000246s ]
[ sql ] [ SQL ] SHOW COLUMNS FROM `t_hook_plugin` [ RunTime:0.000469s ]
[ sql ] [ SQL ] SELECT `hook`,`plugin` FROM `t_hook_plugin` WHERE  `status` = 1  AND `hook` IN ('') ORDER BY `list_order` ASC [ RunTime:0.000243s ]
[ sql ] [ SQL ] SHOW COLUMNS FROM `t_option` [ RunTime:0.000447s ]
[ sql ] [ SQL ] SELECT `option_value` FROM `t_option` WHERE  `option_name` = 'cdn_settings' LIMIT 1 [ RunTime:0.000219s ]
[ sql ] [ SQL ] SELECT `option_value` FROM `t_option` WHERE  `option_name` = 'admin_settings' LIMIT 1 [ RunTime:0.000256s ]
[ sql ] [ SQL ] SHOW COLUMNS FROM `t_user` [ RunTime:0.000643s ]
[ sql ] [ SQL ] SELECT * FROM `t_user` WHERE  `id` = 100121 LIMIT 1 [ RunTime:0.000448s ]
[ sql ] [ SQL ] SHOW COLUMNS FROM `t_admin_menu` [ RunTime:0.000454s ]
[ sql ] [ SQL ] SELECT * FROM `t_admin_menu` WHERE  `parent_id` = 0  AND `status` = 1 ORDER BY `list_order` ASC [ RunTime:0.000323s ]
[ sql ] [ SQL ] SHOW COLUMNS FROM `t_auth_rule` [ RunTime:0.000399s ]
[ sql ] [ SQL ] SELECT COUNT(*) AS tp_count FROM `t_auth_rule` WHERE  `name` = 'admin/adminchattask/default' LIMIT 1 [ RunTime:0.000199s ]
[ sql ] [ SQL ] SHOW COLUMNS FROM `t_role_user` [ RunTime:0.000349s ]
[ sql ] [ SQL ] SELECT `role_id` FROM `t_role_user` `a` INNER JOIN `t_role` `r` ON `a`.`role_id`=`r`.`id` WHERE  `a`.`user_id` = 100121  AND `r`.`status` = 1 [ RunTime:0.000245s ]
[ sql ] [ SQL ] SHOW COLUMNS FROM `t_auth_access` [ RunTime:0.000368s ]
[ sql ] [ SQL ] SELECT * FROM `t_auth_access` `a` INNER JOIN `t_auth_rule` `b` ON `a`.`rule_name`=`b`.`name` WHERE  `a`.`role_id` IN (7)  AND `b`.`name` IN ('admin/adminchattask/default') [ RunTime:0.000332s ]
[ sql ] [ SQL ] SELECT COUNT(*) AS tp_count FROM `t_auth_rule` WHERE  `name` = 'user/adminindex/default' LIMIT 1 [ RunTime:0.000192s ]
[ sql ] [ SQL ] SELECT `role_id` FROM `t_role_user` `a` INNER JOIN `t_role` `r` ON `a`.`role_id`=`r`.`id` WHERE  `a`.`user_id` = 100121  AND `r`.`status` = 1 [ RunTime:0.000229s ]
[ sql ] [ SQL ] SELECT * FROM `t_auth_access` `a` INNER JOIN `t_auth_rule` `b` ON `a`.`rule_name`=`b`.`name` WHERE  `a`.`role_id` IN (7)  AND `b`.`name` IN ('user/adminindex/default') [ RunTime:0.000305s ]
[ sql ] [ SQL ] SELECT COUNT(*) AS tp_count FROM `t_auth_rule` WHERE  `name` = 'admin/paytrade/default' LIMIT 1 [ RunTime:0.000188s ]
[ sql ] [ SQL ] SELECT `role_id` FROM `t_role_user` `a` INNER JOIN `t_role` `r` ON `a`.`role_id`=`r`.`id` WHERE  `a`.`user_id` = 100121  AND `r`.`status` = 1 [ RunTime:0.000217s ]
[ sql ] [ SQL ] SELECT * FROM `t_auth_access` `a` INNER JOIN `t_auth_rule` `b` ON `a`.`rule_name`=`b`.`name` WHERE  `a`.`role_id` IN (7)  AND `b`.`name` IN ('admin/paytrade/default') [ RunTime:0.000298s ]
[ sql ] [ SQL ] SELECT COUNT(*) AS tp_count FROM `t_auth_rule` WHERE  `name` = 'admin/setting/index' LIMIT 1 [ RunTime:0.000186s ]
[ sql ] [ SQL ] SELECT `role_id` FROM `t_role_user` `a` INNER JOIN `t_role` `r` ON `a`.`role_id`=`r`.`id` WHERE  `a`.`user_id` = 100121  AND `r`.`status` = 1 [ RunTime:0.000214s ]
[ sql ] [ SQL ] SELECT * FROM `t_auth_access` `a` INNER JOIN `t_auth_rule` `b` ON `a`.`rule_name`=`b`.`name` WHERE  `a`.`role_id` IN (7)  AND `b`.`name` IN ('admin/setting/index') [ RunTime:0.000295s ]
[ sql ] [ SQL ] SELECT COUNT(*) AS tp_count FROM `t_auth_rule` WHERE  `name` = 'admin/allotrobot/default' LIMIT 1 [ RunTime:0.000187s ]
[ sql ] [ SQL ] SELECT `role_id` FROM `t_role_user` `a` INNER JOIN `t_role` `r` ON `a`.`role_id`=`r`.`id` WHERE  `a`.`user_id` = 100121  AND `r`.`status` = 1 [ RunTime:0.000213s ]
[ sql ] [ SQL ] SELECT * FROM `t_auth_access` `a` INNER JOIN `t_auth_rule` `b` ON `a`.`rule_name`=`b`.`name` WHERE  `a`.`role_id` IN (7)  AND `b`.`name` IN ('admin/allotrobot/default') [ RunTime:0.000314s ]
[ sql ] [ SQL ] SELECT COUNT(*) AS tp_count FROM `t_auth_rule` WHERE  `name` = 'admin/adminsystem/menu' LIMIT 1 [ RunTime:0.000182s ]
[ sql ] [ SQL ] SELECT `role_id` FROM `t_role_user` `a` INNER JOIN `t_role` `r` ON `a`.`role_id`=`r`.`id` WHERE  `a`.`user_id` = 100121  AND `r`.`status` = 1 [ RunTime:0.000214s ]
[ sql ] [ SQL ] SELECT * FROM `t_auth_access` `a` INNER JOIN `t_auth_rule` `b` ON `a`.`rule_name`=`b`.`name` WHERE  `a`.`role_id` IN (7)  AND `b`.`name` IN ('admin/adminsystem/menu') [ RunTime:0.000293s ]
[ sql ] [ SQL ] SELECT * FROM `t_admin_menu` WHERE  `parent_id` = 171  AND `status` = 1 ORDER BY `list_order` ASC [ RunTime:0.000326s ]
[ sql ] [ SQL ] SELECT COUNT(*) AS tp_count FROM `t_auth_rule` WHERE  `name` = 'admin/resources/index' LIMIT 1 [ RunTime:0.000207s ]
[ sql ] [ SQL ] SELECT `role_id` FROM `t_role_user` `a` INNER JOIN `t_role` `r` ON `a`.`role_id`=`r`.`id` WHERE  `a`.`user_id` = 100121  AND `r`.`status` = 1 [ RunTime:0.000219s ]
[ sql ] [ SQL ] SELECT * FROM `t_auth_access` `a` INNER JOIN `t_auth_rule` `b` ON `a`.`rule_name`=`b`.`name` WHERE  `a`.`role_id` IN (7)  AND `b`.`name` IN ('admin/resources/index') [ RunTime:0.000299s ]
[ sql ] [ SQL ] SELECT COUNT(*) AS tp_count FROM `t_auth_rule` WHERE  `name` = 'admin/live/index' LIMIT 1 [ RunTime:0.000193s ]
[ sql ] [ SQL ] SELECT COUNT(*) AS tp_count FROM `t_auth_rule` WHERE  `name` = 'admin/userlevel/indexlist' LIMIT 1 [ RunTime:0.000171s ]
[ sql ] [ SQL ] SELECT COUNT(*) AS tp_count FROM `t_auth_rule` WHERE  `name` = 'admin/feedback/feedbacklist' LIMIT 1 [ RunTime:0.000172s ]
[ sql ] [ SQL ] SELECT `role_id` FROM `t_role_user` `a` INNER JOIN `t_role` `r` ON `a`.`role_id`=`r`.`id` WHERE  `a`.`user_id` = 100121  AND `r`.`status` = 1 [ RunTime:0.000213s ]
[ sql ] [ SQL ] SELECT * FROM `t_auth_access` `a` INNER JOIN `t_auth_rule` `b` ON `a`.`rule_name`=`b`.`name` WHERE  `a`.`role_id` IN (7)  AND `b`.`name` IN ('admin/feedback/feedbacklist') [ RunTime:0.000314s ]
[ sql ] [ SQL ] SELECT COUNT(*) AS tp_count FROM `t_auth_rule` WHERE  `name` = 'admin/sensitivewords/index' LIMIT 1 [ RunTime:0.000184s ]
[ sql ] [ SQL ] SELECT `role_id` FROM `t_role_user` `a` INNER JOIN `t_role` `r` ON `a`.`role_id`=`r`.`id` WHERE  `a`.`user_id` = 100121  AND `r`.`status` = 1 [ RunTime:0.000212s ]
[ sql ] [ SQL ] SELECT * FROM `t_auth_access` `a` INNER JOIN `t_auth_rule` `b` ON `a`.`rule_name`=`b`.`name` WHERE  `a`.`role_id` IN (7)  AND `b`.`name` IN ('admin/sensitivewords/index') [ RunTime:0.000312s ]
[ sql ] [ SQL ] SELECT COUNT(*) AS tp_count FROM `t_auth_rule` WHERE  `name` = 'admin/onlinevideo/index' LIMIT 1 [ RunTime:0.000183s ]
[ sql ] [ SQL ] SELECT `role_id` FROM `t_role_user` `a` INNER JOIN `t_role` `r` ON `a`.`role_id`=`r`.`id` WHERE  `a`.`user_id` = 100121  AND `r`.`status` = 1 [ RunTime:0.000214s ]
[ sql ] [ SQL ] SELECT * FROM `t_auth_access` `a` INNER JOIN `t_auth_rule` `b` ON `a`.`rule_name`=`b`.`name` WHERE  `a`.`role_id` IN (7)  AND `b`.`name` IN ('admin/onlinevideo/index') [ RunTime:0.000308s ]
[ sql ] [ SQL ] SELECT COUNT(*) AS tp_count FROM `t_auth_rule` WHERE  `name` = 'admin/gift/index' LIMIT 1 [ RunTime:0.000182s ]
[ sql ] [ SQL ] SELECT `role_id` FROM `t_role_user` `a` INNER JOIN `t_role` `r` ON `a`.`role_id`=`r`.`id` WHERE  `a`.`user_id` = 100121  AND `r`.`status` = 1 [ RunTime:0.000212s ]
[ sql ] [ SQL ] SELECT * FROM `t_auth_access` `a` INNER JOIN `t_auth_rule` `b` ON `a`.`rule_name`=`b`.`name` WHERE  `a`.`role_id` IN (7)  AND `b`.`name` IN ('admin/gift/index') [ RunTime:0.000307s ]
[ sql ] [ SQL ] SELECT COUNT(*) AS tp_count FROM `t_auth_rule` WHERE  `name` = 'admin/banner/index' LIMIT 1 [ RunTime:0.000184s ]
[ sql ] [ SQL ] SELECT `role_id` FROM `t_role_user` `a` INNER JOIN `t_role` `r` ON `a`.`role_id`=`r`.`id` WHERE  `a`.`user_id` = 100121  AND `r`.`status` = 1 [ RunTime:0.000209s ]
[ sql ] [ SQL ] SELECT * FROM `t_auth_access` `a` INNER JOIN `t_auth_rule` `b` ON `a`.`rule_name`=`b`.`name` WHERE  `a`.`role_id` IN (7)  AND `b`.`name` IN ('admin/banner/index') [ RunTime:0.000309s ]
[ sql ] [ SQL ] SELECT COUNT(*) AS tp_count FROM `t_auth_rule` WHERE  `name` = 'admin/customservice/default' LIMIT 1 [ RunTime:0.000182s ]
[ sql ] [ SQL ] SELECT `role_id` FROM `t_role_user` `a` INNER JOIN `t_role` `r` ON `a`.`role_id`=`r`.`id` WHERE  `a`.`user_id` = 100121  AND `r`.`status` = 1 [ RunTime:0.000212s ]
[ sql ] [ SQL ] SELECT * FROM `t_auth_access` `a` INNER JOIN `t_auth_rule` `b` ON `a`.`rule_name`=`b`.`name` WHERE  `a`.`role_id` IN (7)  AND `b`.`name` IN ('admin/customservice/default') [ RunTime:0.000308s ]
[ sql ] [ SQL ] SELECT * FROM `t_admin_menu` WHERE  `parent_id` = 180  AND `status` = 1 ORDER BY `list_order` ASC [ RunTime:0.000343s ]
[ sql ] [ SQL ] SELECT COUNT(*) AS tp_count FROM `t_auth_rule` WHERE  `name` = 'admin/headaudits/index' LIMIT 1 [ RunTime:0.000202s ]
[ sql ] [ SQL ] SELECT `role_id` FROM `t_role_user` `a` INNER JOIN `t_role` `r` ON `a`.`role_id`=`r`.`id` WHERE  `a`.`user_id` = 100121  AND `r`.`status` = 1 [ RunTime:0.000217s ]
[ sql ] [ SQL ] SELECT * FROM `t_auth_access` `a` INNER JOIN `t_auth_rule` `b` ON `a`.`rule_name`=`b`.`name` WHERE  `a`.`role_id` IN (7)  AND `b`.`name` IN ('admin/headaudits/index') [ RunTime:0.000327s ]
[ sql ] [ SQL ] SELECT COUNT(*) AS tp_count FROM `t_auth_rule` WHERE  `name` = 'admin/realnameauth/index' LIMIT 1 [ RunTime:0.000201s ]
[ sql ] [ SQL ] SELECT `role_id` FROM `t_role_user` `a` INNER JOIN `t_role` `r` ON `a`.`role_id`=`r`.`id` WHERE  `a`.`user_id` = 100121  AND `r`.`status` = 1 [ RunTime:0.000213s ]
[ sql ] [ SQL ] SELECT * FROM `t_auth_access` `a` INNER JOIN `t_auth_rule` `b` ON `a`.`rule_name`=`b`.`name` WHERE  `a`.`role_id` IN (7)  AND `b`.`name` IN ('admin/realnameauth/index') [ RunTime:0.000490s ]
[ sql ] [ SQL ] SELECT COUNT(*) AS tp_count FROM `t_auth_rule` WHERE  `name` = 'admin/darenauth/index' LIMIT 1 [ RunTime:0.000192s ]
[ sql ] [ SQL ] SELECT `role_id` FROM `t_role_user` `a` INNER JOIN `t_role` `r` ON `a`.`role_id`=`r`.`id` WHERE  `a`.`user_id` = 100121  AND `r`.`status` = 1 [ RunTime:0.000213s ]
[ sql ] [ SQL ] SELECT * FROM `t_auth_access` `a` INNER JOIN `t_auth_rule` `b` ON `a`.`rule_name`=`b`.`name` WHERE  `a`.`role_id` IN (7)  AND `b`.`name` IN ('admin/darenauth/index') [ RunTime:0.000293s ]
[ sql ] [ SQL ] SELECT COUNT(*) AS tp_count FROM `t_auth_rule` WHERE  `name` = 'admin/albumresources/index' LIMIT 1 [ RunTime:0.000187s ]
[ sql ] [ SQL ] SELECT `role_id` FROM `t_role_user` `a` INNER JOIN `t_role` `r` ON `a`.`role_id`=`r`.`id` WHERE  `a`.`user_id` = 100121  AND `r`.`status` = 1 [ RunTime:0.000213s ]
[ sql ] [ SQL ] SELECT * FROM `t_auth_access` `a` INNER JOIN `t_auth_rule` `b` ON `a`.`rule_name`=`b`.`name` WHERE  `a`.`role_id` IN (7)  AND `b`.`name` IN ('admin/albumresources/index') [ RunTime:0.000297s ]
[ sql ] [ SQL ] SELECT COUNT(*) AS tp_count FROM `t_auth_rule` WHERE  `name` = 'admin/videoresources/index' LIMIT 1 [ RunTime:0.000202s ]
[ sql ] [ SQL ] SELECT `role_id` FROM `t_role_user` `a` INNER JOIN `t_role` `r` ON `a`.`role_id`=`r`.`id` WHERE  `a`.`user_id` = 100121  AND `r`.`status` = 1 [ RunTime:0.000211s ]
[ sql ] [ SQL ] SELECT * FROM `t_auth_access` `a` INNER JOIN `t_auth_rule` `b` ON `a`.`rule_name`=`b`.`name` WHERE  `a`.`role_id` IN (7)  AND `b`.`name` IN ('admin/videoresources/index') [ RunTime:0.000315s ]
[ sql ] [ SQL ] SELECT * FROM `t_admin_menu` WHERE  `parent_id` = 322  AND `status` = 1 ORDER BY `list_order` ASC [ RunTime:0.000260s ]
[ sql ] [ SQL ] SELECT * FROM `t_admin_menu` WHERE  `parent_id` = 174  AND `status` = 1 ORDER BY `list_order` ASC [ RunTime:0.000322s ]
[ sql ] [ SQL ] SELECT * FROM `t_admin_menu` WHERE  `parent_id` = 226  AND `status` = 1 ORDER BY `list_order` ASC [ RunTime:0.000322s ]
[ sql ] [ SQL ] SELECT * FROM `t_admin_menu` WHERE  `parent_id` = 227  AND `status` = 1 ORDER BY `list_order` ASC [ RunTime:0.000316s ]
[ sql ] [ SQL ] SELECT * FROM `t_admin_menu` WHERE  `parent_id` = 294  AND `status` = 1 ORDER BY `list_order` ASC [ RunTime:0.000305s ]
[ sql ] [ SQL ] SELECT COUNT(*) AS tp_count FROM `t_auth_rule` WHERE  `name` = 'admin/livechannel/index' LIMIT 1 [ RunTime:0.000182s ]
[ sql ] [ SQL ] SELECT COUNT(*) AS tp_count FROM `t_auth_rule` WHERE  `name` = 'admin/livehome/index' LIMIT 1 [ RunTime:0.000167s ]
[ sql ] [ SQL ] SELECT COUNT(*) AS tp_count FROM `t_auth_rule` WHERE  `name` = 'admin/liveviewer/index' LIMIT 1 [ RunTime:0.000216s ]
[ sql ] [ SQL ] SELECT COUNT(*) AS tp_count FROM `t_auth_rule` WHERE  `name` = 'admin/liveorder/index' LIMIT 1 [ RunTime:0.000187s ]
[ sql ] [ SQL ] SELECT COUNT(*) AS tp_count FROM `t_auth_rule` WHERE  `name` = 'admin/liverecord/index' LIMIT 1 [ RunTime:0.000168s ]
[ sql ] [ SQL ] SELECT COUNT(*) AS tp_count FROM `t_auth_rule` WHERE  `name` = 'admin/livemike/index' LIMIT 1 [ RunTime:0.000162s ]
[ sql ] [ SQL ] SELECT COUNT(*) AS tp_count FROM `t_auth_rule` WHERE  `name` = 'admin/livestream/index' LIMIT 1 [ RunTime:0.000192s ]
[ sql ] [ SQL ] SELECT COUNT(*) AS tp_count FROM `t_auth_rule` WHERE  `name` = 'admin/livebanspeech/index' LIMIT 1 [ RunTime:0.000162s ]
[ sql ] [ SQL ] SELECT COUNT(*) AS tp_count FROM `t_auth_rule` WHERE  `name` = 'admin/livemanager/index' LIMIT 1 [ RunTime:0.000160s ]
[ sql ] [ SQL ] SELECT COUNT(*) AS tp_count FROM `t_auth_rule` WHERE  `name` = 'admin/liveremove/index' LIMIT 1 [ RunTime:0.000162s ]
[ sql ] [ SQL ] SELECT * FROM `t_admin_menu` WHERE  `parent_id` = 295  AND `status` = 1 ORDER BY `list_order` ASC [ RunTime:0.000261s ]
[ sql ] [ SQL ] SELECT * FROM `t_admin_menu` WHERE  `parent_id` = 296  AND `status` = 1 ORDER BY `list_order` ASC [ RunTime:0.000243s ]
[ sql ] [ SQL ] SELECT * FROM `t_admin_menu` WHERE  `parent_id` = 297  AND `status` = 1 ORDER BY `list_order` ASC [ RunTime:0.000242s ]
[ sql ] [ SQL ] SELECT * FROM `t_admin_menu` WHERE  `parent_id` = 298  AND `status` = 1 ORDER BY `list_order` ASC [ RunTime:0.000242s ]
[ sql ] [ SQL ] SELECT * FROM `t_admin_menu` WHERE  `parent_id` = 299  AND `status` = 1 ORDER BY `list_order` ASC [ RunTime:0.000237s ]
[ sql ] [ SQL ] SELECT * FROM `t_admin_menu` WHERE  `parent_id` = 300  AND `status` = 1 ORDER BY `list_order` ASC [ RunTime:0.000253s ]
[ sql ] [ SQL ] SELECT * FROM `t_admin_menu` WHERE  `parent_id` = 301  AND `status` = 1 ORDER BY `list_order` ASC [ RunTime:0.000239s ]
[ sql ] [ SQL ] SELECT * FROM `t_admin_menu` WHERE  `parent_id` = 305  AND `status` = 1 ORDER BY `list_order` ASC [ RunTime:0.000239s ]
[ sql ] [ SQL ] SELECT * FROM `t_admin_menu` WHERE  `parent_id` = 306  AND `status` = 1 ORDER BY `list_order` ASC [ RunTime:0.000254s ]
[ sql ] [ SQL ] SELECT * FROM `t_admin_menu` WHERE  `parent_id` = 307  AND `status` = 1 ORDER BY `list_order` ASC [ RunTime:0.000239s ]
[ sql ] [ SQL ] SELECT * FROM `t_admin_menu` WHERE  `parent_id` = 308  AND `status` = 1 ORDER BY `list_order` ASC [ RunTime:0.000239s ]
[ sql ] [ SQL ] SELECT * FROM `t_admin_menu` WHERE  `parent_id` = 179  AND `status` = 1 ORDER BY `list_order` ASC [ RunTime:0.000250s ]
[ sql ] [ SQL ] SELECT * FROM `t_admin_menu` WHERE  `parent_id` = 183  AND `status` = 1 ORDER BY `list_order` ASC [ RunTime:0.000294s ]
[ sql ] [ SQL ] SELECT * FROM `t_admin_menu` WHERE  `parent_id` = 184  AND `status` = 1 ORDER BY `list_order` ASC [ RunTime:0.000270s ]
[ sql ] [ SQL ] SELECT * FROM `t_admin_menu` WHERE  `parent_id` = 109  AND `status` = 1 ORDER BY `list_order` ASC [ RunTime:0.000298s ]
[ sql ] [ SQL ] SELECT COUNT(*) AS tp_count FROM `t_auth_rule` WHERE  `name` = 'user/adminindex/default1' LIMIT 1 [ RunTime:0.000188s ]
[ sql ] [ SQL ] SELECT `role_id` FROM `t_role_user` `a` INNER JOIN `t_role` `r` ON `a`.`role_id`=`r`.`id` WHERE  `a`.`user_id` = 100121  AND `r`.`status` = 1 [ RunTime:0.000230s ]
[ sql ] [ SQL ] SELECT * FROM `t_auth_access` `a` INNER JOIN `t_auth_rule` `b` ON `a`.`rule_name`=`b`.`name` WHERE  `a`.`role_id` IN (7)  AND `b`.`name` IN ('user/adminindex/default1') [ RunTime:0.000301s ]
[ sql ] [ SQL ] SELECT COUNT(*) AS tp_count FROM `t_auth_rule` WHERE  `name` = 'rbac/rbacmenu/index' LIMIT 1 [ RunTime:0.000186s ]
[ sql ] [ SQL ] SELECT `role_id` FROM `t_role_user` `a` INNER JOIN `t_role` `r` ON `a`.`role_id`=`r`.`id` WHERE  `a`.`user_id` = 100121  AND `r`.`status` = 1 [ RunTime:0.000226s ]
[ sql ] [ SQL ] SELECT * FROM `t_auth_access` `a` INNER JOIN `t_auth_rule` `b` ON `a`.`rule_name`=`b`.`name` WHERE  `a`.`role_id` IN (7)  AND `b`.`name` IN ('rbac/rbacmenu/index') [ RunTime:0.000292s ]
[ sql ] [ SQL ] SELECT * FROM `t_admin_menu` WHERE  `parent_id` = 152  AND `status` = 1 ORDER BY `list_order` ASC [ RunTime:0.000305s ]
[ sql ] [ SQL ] SELECT COUNT(*) AS tp_count FROM `t_auth_rule` WHERE  `name` = 'admin/usercoinchange/index' LIMIT 1 [ RunTime:0.000193s ]
[ sql ] [ SQL ] SELECT `role_id` FROM `t_role_user` `a` INNER JOIN `t_role` `r` ON `a`.`role_id`=`r`.`id` WHERE  `a`.`user_id` = 100121  AND `r`.`status` = 1 [ RunTime:0.000212s ]
[ sql ] [ SQL ] SELECT * FROM `t_auth_access` `a` INNER JOIN `t_auth_rule` `b` ON `a`.`rule_name`=`b`.`name` WHERE  `a`.`role_id` IN (7)  AND `b`.`name` IN ('admin/usercoinchange/index') [ RunTime:0.000294s ]
[ sql ] [ SQL ] SELECT COUNT(*) AS tp_count FROM `t_auth_rule` WHERE  `name` = 'admin/usermember/index' LIMIT 1 [ RunTime:0.000187s ]
[ sql ] [ SQL ] SELECT `role_id` FROM `t_role_user` `a` INNER JOIN `t_role` `r` ON `a`.`role_id`=`r`.`id` WHERE  `a`.`user_id` = 100121  AND `r`.`status` = 1 [ RunTime:0.000212s ]
[ sql ] [ SQL ] SELECT * FROM `t_auth_access` `a` INNER JOIN `t_auth_rule` `b` ON `a`.`rule_name`=`b`.`name` WHERE  `a`.`role_id` IN (7)  AND `b`.`name` IN ('admin/usermember/index') [ RunTime:0.000297s ]
[ sql ] [ SQL ] SELECT * FROM `t_admin_menu` WHERE  `parent_id` = 193  AND `status` = 1 ORDER BY `list_order` ASC [ RunTime:0.000297s ]
[ sql ] [ SQL ] SELECT * FROM `t_admin_menu` WHERE  `parent_id` = 223  AND `status` = 1 ORDER BY `list_order` ASC [ RunTime:0.000273s ]
[ sql ] [ SQL ] SELECT COUNT(*) AS tp_count FROM `t_auth_rule` WHERE  `name` = 'admin/viporder/index' LIMIT 1 [ RunTime:0.000203s ]
[ sql ] [ SQL ] SELECT `role_id` FROM `t_role_user` `a` INNER JOIN `t_role` `r` ON `a`.`role_id`=`r`.`id` WHERE  `a`.`user_id` = 100121  AND `r`.`status` = 1 [ RunTime:0.000212s ]
[ sql ] [ SQL ] SELECT * FROM `t_auth_access` `a` INNER JOIN `t_auth_rule` `b` ON `a`.`rule_name`=`b`.`name` WHERE  `a`.`role_id` IN (7)  AND `b`.`name` IN ('admin/viporder/index') [ RunTime:0.000294s ]
[ sql ] [ SQL ] SELECT COUNT(*) AS tp_count FROM `t_auth_rule` WHERE  `name` = 'admin/rechargeorder/index' LIMIT 1 [ RunTime:0.000203s ]
[ sql ] [ SQL ] SELECT `role_id` FROM `t_role_user` `a` INNER JOIN `t_role` `r` ON `a`.`role_id`=`r`.`id` WHERE  `a`.`user_id` = 100121  AND `r`.`status` = 1 [ RunTime:0.000213s ]
[ sql ] [ SQL ] SELECT * FROM `t_auth_access` `a` INNER JOIN `t_auth_rule` `b` ON `a`.`rule_name`=`b`.`name` WHERE  `a`.`role_id` IN (7)  AND `b`.`name` IN ('admin/rechargeorder/index') [ RunTime:0.000291s ]
[ sql ] [ SQL ] SELECT COUNT(*) AS tp_count FROM `t_auth_rule` WHERE  `name` = 'admin/withdraworder/index' LIMIT 1 [ RunTime:0.000197s ]
[ sql ] [ SQL ] SELECT `role_id` FROM `t_role_user` `a` INNER JOIN `t_role` `r` ON `a`.`role_id`=`r`.`id` WHERE  `a`.`user_id` = 100121  AND `r`.`status` = 1 [ RunTime:0.000211s ]
[ sql ] [ SQL ] SELECT * FROM `t_auth_access` `a` INNER JOIN `t_auth_rule` `b` ON `a`.`rule_name`=`b`.`name` WHERE  `a`.`role_id` IN (7)  AND `b`.`name` IN ('admin/withdraworder/index') [ RunTime:0.000291s ]
[ sql ] [ SQL ] SELECT COUNT(*) AS tp_count FROM `t_auth_rule` WHERE  `name` = 'admin/paytrade/index' LIMIT 1 [ RunTime:0.000196s ]
[ sql ] [ SQL ] SELECT `role_id` FROM `t_role_user` `a` INNER JOIN `t_role` `r` ON `a`.`role_id`=`r`.`id` WHERE  `a`.`user_id` = 100121  AND `r`.`status` = 1 [ RunTime:0.000214s ]
[ sql ] [ SQL ] SELECT * FROM `t_auth_access` `a` INNER JOIN `t_auth_rule` `b` ON `a`.`rule_name`=`b`.`name` WHERE  `a`.`role_id` IN (7)  AND `b`.`name` IN ('admin/paytrade/index') [ RunTime:0.000295s ]
[ sql ] [ SQL ] SELECT COUNT(*) AS tp_count FROM `t_auth_rule` WHERE  `name` = 'admin/usercoin/index' LIMIT 1 [ RunTime:0.000197s ]
[ sql ] [ SQL ] SELECT `role_id` FROM `t_role_user` `a` INNER JOIN `t_role` `r` ON `a`.`role_id`=`r`.`id` WHERE  `a`.`user_id` = 100121  AND `r`.`status` = 1 [ RunTime:0.000213s ]
[ sql ] [ SQL ] SELECT * FROM `t_auth_access` `a` INNER JOIN `t_auth_rule` `b` ON `a`.`rule_name`=`b`.`name` WHERE  `a`.`role_id` IN (7)  AND `b`.`name` IN ('admin/usercoin/index') [ RunTime:0.000289s ]
[ sql ] [ SQL ] SELECT * FROM `t_admin_menu` WHERE  `parent_id` = 195  AND `status` = 1 ORDER BY `list_order` ASC [ RunTime:0.000263s ]
[ sql ] [ SQL ] SELECT * FROM `t_admin_menu` WHERE  `parent_id` = 162  AND `status` = 1 ORDER BY `list_order` ASC [ RunTime:0.000338s ]
[ sql ] [ SQL ] SELECT COUNT(*) AS tp_count FROM `t_auth_rule` WHERE  `name` = 'admin/setting/login' LIMIT 1 [ RunTime:0.000190s ]
[ sql ] [ SQL ] SELECT `role_id` FROM `t_role_user` `a` INNER JOIN `t_role` `r` ON `a`.`role_id`=`r`.`id` WHERE  `a`.`user_id` = 100121  AND `r`.`status` = 1 [ RunTime:0.000233s ]
[ sql ] [ SQL ] SELECT * FROM `t_auth_access` `a` INNER JOIN `t_auth_rule` `b` ON `a`.`rule_name`=`b`.`name` WHERE  `a`.`role_id` IN (7)  AND `b`.`name` IN ('admin/setting/login') [ RunTime:0.000294s ]
[ sql ] [ SQL ] SELECT COUNT(*) AS tp_count FROM `t_auth_rule` WHERE  `name` = 'admin/setting/default' LIMIT 1 [ RunTime:0.000182s ]
[ sql ] [ SQL ] SELECT `role_id` FROM `t_role_user` `a` INNER JOIN `t_role` `r` ON `a`.`role_id`=`r`.`id` WHERE  `a`.`user_id` = 100121  AND `r`.`status` = 1 [ RunTime:0.000228s ]
[ sql ] [ SQL ] SELECT * FROM `t_auth_access` `a` INNER JOIN `t_auth_rule` `b` ON `a`.`rule_name`=`b`.`name` WHERE  `a`.`role_id` IN (7)  AND `b`.`name` IN ('admin/setting/default') [ RunTime:0.000293s ]
[ sql ] [ SQL ] SELECT COUNT(*) AS tp_count FROM `t_auth_rule` WHERE  `name` = 'admin/adminmsg/index' LIMIT 1 [ RunTime:0.000183s ]
[ sql ] [ SQL ] SELECT `role_id` FROM `t_role_user` `a` INNER JOIN `t_role` `r` ON `a`.`role_id`=`r`.`id` WHERE  `a`.`user_id` = 100121  AND `r`.`status` = 1 [ RunTime:0.000227s ]
[ sql ] [ SQL ] SELECT * FROM `t_auth_access` `a` INNER JOIN `t_auth_rule` `b` ON `a`.`rule_name`=`b`.`name` WHERE  `a`.`role_id` IN (7)  AND `b`.`name` IN ('admin/adminmsg/index') [ RunTime:0.000294s ]
[ sql ] [ SQL ] SELECT COUNT(*) AS tp_count FROM `t_auth_rule` WHERE  `name` = 'admin/givenconfig/defaultpage' LIMIT 1 [ RunTime:0.000180s ]
[ sql ] [ SQL ] SELECT * FROM `t_admin_menu` WHERE  `parent_id` = 175  AND `status` = 1 ORDER BY `list_order` ASC [ RunTime:0.000345s ]
[ sql ] [ SQL ] SELECT COUNT(*) AS tp_count FROM `t_auth_rule` WHERE  `name` = 'admin/sendmsgtemplate/msgtemplatelist' LIMIT 1 [ RunTime:0.000188s ]
[ sql ] [ SQL ] SELECT `role_id` FROM `t_role_user` `a` INNER JOIN `t_role` `r` ON `a`.`role_id`=`r`.`id` WHERE  `a`.`user_id` = 100121  AND `r`.`status` = 1 [ RunTime:0.000212s ]
[ sql ] [ SQL ] SELECT * FROM `t_auth_access` `a` INNER JOIN `t_auth_rule` `b` ON `a`.`rule_name`=`b`.`name` WHERE  `a`.`role_id` IN (7)  AND `b`.`name` IN ('admin/sendmsgtemplate/msgtemplatelist') [ RunTime:0.000297s ]
[ sql ] [ SQL ] SELECT COUNT(*) AS tp_count FROM `t_auth_rule` WHERE  `name` = 'admin/smscode/index' LIMIT 1 [ RunTime:0.000183s ]
[ sql ] [ SQL ] SELECT `role_id` FROM `t_role_user` `a` INNER JOIN `t_role` `r` ON `a`.`role_id`=`r`.`id` WHERE  `a`.`user_id` = 100121  AND `r`.`status` = 1 [ RunTime:0.000211s ]
[ sql ] [ SQL ] SELECT * FROM `t_auth_access` `a` INNER JOIN `t_auth_rule` `b` ON `a`.`rule_name`=`b`.`name` WHERE  `a`.`role_id` IN (7)  AND `b`.`name` IN ('admin/smscode/index') [ RunTime:0.000298s ]
[ sql ] [ SQL ] SELECT COUNT(*) AS tp_count FROM `t_auth_rule` WHERE  `name` = 'admin/sendusermessages/index' LIMIT 1 [ RunTime:0.000185s ]
[ sql ] [ SQL ] SELECT `role_id` FROM `t_role_user` `a` INNER JOIN `t_role` `r` ON `a`.`role_id`=`r`.`id` WHERE  `a`.`user_id` = 100121  AND `r`.`status` = 1 [ RunTime:0.000211s ]
[ sql ] [ SQL ] SELECT * FROM `t_auth_access` `a` INNER JOIN `t_auth_rule` `b` ON `a`.`rule_name`=`b`.`name` WHERE  `a`.`role_id` IN (7)  AND `b`.`name` IN ('admin/sendusermessages/index') [ RunTime:0.000300s ]
[ sql ] [ SQL ] SELECT * FROM `t_admin_menu` WHERE  `parent_id` = 205  AND `status` = 1 ORDER BY `list_order` ASC [ RunTime:0.000249s ]
[ sql ] [ SQL ] SELECT * FROM `t_admin_menu` WHERE  `parent_id` = 220  AND `status` = 1 ORDER BY `list_order` ASC [ RunTime:0.000260s ]
[ sql ] [ SQL ] SELECT * FROM `t_admin_menu` WHERE  `parent_id` = 317  AND `status` = 1 ORDER BY `list_order` ASC [ RunTime:0.000319s ]
[ sql ] [ SQL ] SELECT COUNT(*) AS tp_count FROM `t_auth_rule` WHERE  `name` = 'admin/adjustprices/index' LIMIT 1 [ RunTime:0.000181s ]
[ sql ] [ SQL ] SELECT COUNT(*) AS tp_count FROM `t_auth_rule` WHERE  `name` = 'admin/givenconfig/anchorlevel' LIMIT 1 [ RunTime:0.000185s ]
[ sql ] [ SQL ] SELECT COUNT(*) AS tp_count FROM `t_auth_rule` WHERE  `name` = 'admin/customerconfig/index' LIMIT 1 [ RunTime:0.000176s ]
[ sql ] [ SQL ] SELECT `role_id` FROM `t_role_user` `a` INNER JOIN `t_role` `r` ON `a`.`role_id`=`r`.`id` WHERE  `a`.`user_id` = 100121  AND `r`.`status` = 1 [ RunTime:0.000212s ]
[ sql ] [ SQL ] SELECT * FROM `t_auth_access` `a` INNER JOIN `t_auth_rule` `b` ON `a`.`rule_name`=`b`.`name` WHERE  `a`.`role_id` IN (7)  AND `b`.`name` IN ('admin/customerconfig/index') [ RunTime:0.000311s ]
[ sql ] [ SQL ] SELECT * FROM `t_admin_menu` WHERE  `parent_id` = 319  AND `status` = 1 ORDER BY `list_order` ASC [ RunTime:0.000247s ]
[ sql ] [ SQL ] SELECT * FROM `t_admin_menu` WHERE  `parent_id` = 321  AND `status` = 1 ORDER BY `list_order` ASC [ RunTime:0.000243s ]
[ sql ] [ SQL ] SELECT * FROM `t_admin_menu` ORDER BY `app` ASC,`controller` ASC,`action` ASC [ RunTime:0.000649s ]
[ sql ] [ SQL ] SHOW COLUMNS FROM `t_user_message` [ RunTime:0.000502s ]
[ sql ] [ SQL ] SELECT COUNT(*) AS tp_count FROM `t_user_message` WHERE  (  status=1 and receive_id =100121 and read_flag = 0 ) LIMIT 1 [ RunTime:0.000336s ]
[ sql ] [ SQL ] SELECT * FROM `t_user_message` WHERE  (  status=1 and receive_id =100121 and read_flag = 0 ) [ RunTime:0.000440s ]
---------------------------------------------------------------
[ 2019-11-06T11:18:42+08:00 ] 123.52.87.56 POST /admin/index/getmessagenumber.html
[ sql ] [ DB ] CONNECT:[ UseTime:0.000629s ] mysql:host=127.0.0.1;port=3306;dbname=iliao_db;charset=utf8mb4
[ sql ] [ SQL ] SHOW COLUMNS FROM `t_user` [ RunTime:0.000813s ]
[ sql ] [ SQL ] SELECT * FROM `t_user` WHERE  `id` = 100121 LIMIT 1 [ RunTime:0.000550s ]
[ sql ] [ SQL ] SHOW COLUMNS FROM `t_auth_rule` [ RunTime:0.000506s ]
[ sql ] [ SQL ] SELECT COUNT(*) AS tp_count FROM `t_auth_rule` WHERE  `name` = 'admin/index/getmessagenumber' LIMIT 1 [ RunTime:0.000219s ]
[ sql ] [ SQL ] SHOW COLUMNS FROM `t_user_message` [ RunTime:0.000430s ]
[ sql ] [ SQL ] SELECT COUNT(*) AS tp_count FROM `t_user_message` WHERE  (  status=1 and receive_id =100121 and read_flag = 0 ) LIMIT 1 [ RunTime:0.000381s ]
[ sql ] [ SQL ] SELECT * FROM `t_user_message` WHERE  (  status=1 and receive_id =100121 and read_flag = 0 ) [ RunTime:0.000445s ]
---------------------------------------------------------------
[ 2019-11-06T11:18:43+08:00 ] 123.52.87.56 GET /admin/online_video/index.html?t=1572994527817
[ sql ] [ DB ] CONNECT:[ UseTime:0.000704s ] mysql:host=127.0.0.1;port=3306;dbname=iliao_db;charset=utf8mb4
[ sql ] [ SQL ] SHOW COLUMNS FROM `t_user` [ RunTime:0.000834s ]
[ sql ] [ SQL ] SELECT * FROM `t_user` WHERE  `id` = 100121 LIMIT 1 [ RunTime:0.000550s ]
[ sql ] [ SQL ] SHOW COLUMNS FROM `t_auth_rule` [ RunTime:0.000505s ]
[ sql ] [ SQL ] SELECT COUNT(*) AS tp_count FROM `t_auth_rule` WHERE  `name` = 'admin/onlinevideo/index' LIMIT 1 [ RunTime:0.000234s ]
[ sql ] [ SQL ] SHOW COLUMNS FROM `t_role_user` [ RunTime:0.000384s ]
[ sql ] [ SQL ] SELECT `role_id` FROM `t_role_user` `a` INNER JOIN `t_role` `r` ON `a`.`role_id`=`r`.`id` WHERE  `a`.`user_id` = 100121  AND `r`.`status` = 1 [ RunTime:0.000273s ]
[ sql ] [ SQL ] SHOW COLUMNS FROM `t_auth_access` [ RunTime:0.000359s ]
[ sql ] [ SQL ] SELECT * FROM `t_auth_access` `a` INNER JOIN `t_auth_rule` `b` ON `a`.`rule_name`=`b`.`name` WHERE  `a`.`role_id` IN (7)  AND `b`.`name` IN ('admin/onlinevideo/index') [ RunTime:0.000347s ]
---------------------------------------------------------------
[ 2019-11-06T11:18:43+08:00 ] 115.60.148.27 POST /admin/index/getmessagenumber.html
[ sql ] [ DB ] CONNECT:[ UseTime:0.000665s ] mysql:host=127.0.0.1;port=3306;dbname=iliao_db;charset=utf8mb4
[ sql ] [ SQL ] SHOW COLUMNS FROM `t_user` [ RunTime:0.000804s ]
[ sql ] [ SQL ] SELECT * FROM `t_user` WHERE  `id` = 100157 LIMIT 1 [ RunTime:0.000514s ]
[ sql ] [ SQL ] SHOW COLUMNS FROM `t_auth_rule` [ RunTime:0.000498s ]
[ sql ] [ SQL ] SELECT COUNT(*) AS tp_count FROM `t_auth_rule` WHERE  `name` = 'admin/index/getmessagenumber' LIMIT 1 [ RunTime:0.000233s ]
[ sql ] [ SQL ] SHOW COLUMNS FROM `t_user_message` [ RunTime:0.000473s ]
[ sql ] [ SQL ] SELECT COUNT(*) AS tp_count FROM `t_user_message` WHERE  (  status=1 and receive_id =100157 and read_flag = 0 ) LIMIT 1 [ RunTime:0.000375s ]
[ sql ] [ SQL ] SELECT * FROM `t_user_message` WHERE  (  status=1 and receive_id =100157 and read_flag = 0 ) [ RunTime:0.000463s ]
---------------------------------------------------------------
[ 2019-11-06T11:18:43+08:00 ] 123.52.87.56 GET /admin/online_video/index?data%5Bkeywords%5D=&pageIndex=0&sortField=1&sortType=desc&pageSize=10&_=1573010283008
[ sql ] [ DB ] CONNECT:[ UseTime:0.000679s ] mysql:host=127.0.0.1;port=3306;dbname=iliao_db;charset=utf8mb4
[ sql ] [ SQL ] SHOW COLUMNS FROM `t_user` [ RunTime:0.000811s ]
[ sql ] [ SQL ] SELECT * FROM `t_user` WHERE  `id` = 100121 LIMIT 1 [ RunTime:0.000524s ]
[ sql ] [ SQL ] SHOW COLUMNS FROM `t_auth_rule` [ RunTime:0.000486s ]
[ sql ] [ SQL ] SELECT COUNT(*) AS tp_count FROM `t_auth_rule` WHERE  `name` = 'admin/onlinevideo/index' LIMIT 1 [ RunTime:0.000222s ]
[ sql ] [ SQL ] SHOW COLUMNS FROM `t_role_user` [ RunTime:0.000370s ]
[ sql ] [ SQL ] SELECT `role_id` FROM `t_role_user` `a` INNER JOIN `t_role` `r` ON `a`.`role_id`=`r`.`id` WHERE  `a`.`user_id` = 100121  AND `r`.`status` = 1 [ RunTime:0.000288s ]
[ sql ] [ SQL ] SHOW COLUMNS FROM `t_auth_access` [ RunTime:0.000365s ]
[ sql ] [ SQL ] SELECT * FROM `t_auth_access` `a` INNER JOIN `t_auth_rule` `b` ON `a`.`rule_name`=`b`.`name` WHERE  `a`.`role_id` IN (7)  AND `b`.`name` IN ('admin/onlinevideo/index') [ RunTime:0.000357s ]
[ sql ] [ SQL ] SHOW COLUMNS FROM `t_chat_trtc` [ RunTime:0.000394s ]
[ sql ] [ SQL ] SELECT COUNT(*) AS tp_count FROM ( SELECT GROUP_CONCAT(id) as ids,
                        GROUP_CONCAT(user_id) as uid, 
                        GROUP_CONCAT(stream_id) as streams, 
                        home_id,
                        create_time,count(*) FROM `t_chat_trtc` WHERE  `status` = 1 GROUP BY `home_id` ORDER BY `id` DESC ) `_group_count_` LIMIT 1 [ RunTime:0.002192s ]
[ sql ] [ SQL ] SELECT GROUP_CONCAT(id) as ids,
                        GROUP_CONCAT(user_id) as uid, 
                        GROUP_CONCAT(stream_id) as streams, 
                        home_id,
                        create_time FROM `t_chat_trtc` WHERE  `status` = 1 GROUP BY `home_id` ORDER BY `id` DESC LIMIT 0,10 [ RunTime:0.002013s ]
---------------------------------------------------------------
[ 2019-11-06T11:18:45+08:00 ] 123.52.87.56 GET /admin/index/index.html
[ sql ] [ DB ] CONNECT:[ UseTime:0.000593s ] mysql:host=127.0.0.1;port=3306;dbname=iliao_db;charset=utf8mb4
[ sql ] [ SQL ] SHOW COLUMNS FROM `t_user` [ RunTime:0.000830s ]
[ sql ] [ SQL ] SELECT * FROM `t_user` WHERE  `id` = 100121 LIMIT 1 [ RunTime:0.000506s ]
[ sql ] [ SQL ] SHOW COLUMNS FROM `t_admin_menu` [ RunTime:0.000537s ]
[ sql ] [ SQL ] SELECT * FROM `t_admin_menu` WHERE  `parent_id` = 0  AND `status` = 1 ORDER BY `list_order` ASC [ RunTime:0.000358s ]
[ sql ] [ SQL ] SHOW COLUMNS FROM `t_auth_rule` [ RunTime:0.000430s ]
[ sql ] [ SQL ] SELECT COUNT(*) AS tp_count FROM `t_auth_rule` WHERE  `name` = 'admin/adminchattask/default' LIMIT 1 [ RunTime:0.000223s ]
[ sql ] [ SQL ] SHOW COLUMNS FROM `t_role_user` [ RunTime:0.000357s ]
[ sql ] [ SQL ] SELECT `role_id` FROM `t_role_user` `a` INNER JOIN `t_role` `r` ON `a`.`role_id`=`r`.`id` WHERE  `a`.`user_id` = 100121  AND `r`.`status` = 1 [ RunTime:0.000278s ]
[ sql ] [ SQL ] SHOW COLUMNS FROM `t_auth_access` [ RunTime:0.000357s ]
[ sql ] [ SQL ] SELECT * FROM `t_auth_access` `a` INNER JOIN `t_auth_rule` `b` ON `a`.`rule_name`=`b`.`name` WHERE  `a`.`role_id` IN (7)  AND `b`.`name` IN ('admin/adminchattask/default') [ RunTime:0.000343s ]
[ sql ] [ SQL ] SELECT COUNT(*) AS tp_count FROM `t_auth_rule` WHERE  `name` = 'user/adminindex/default' LIMIT 1 [ RunTime:0.000199s ]
[ sql ] [ SQL ] SELECT `role_id` FROM `t_role_user` `a` INNER JOIN `t_role` `r` ON `a`.`role_id`=`r`.`id` WHERE  `a`.`user_id` = 100121  AND `r`.`status` = 1 [ RunTime:0.000232s ]
[ sql ] [ SQL ] SELECT * FROM `t_auth_access` `a` INNER JOIN `t_auth_rule` `b` ON `a`.`rule_name`=`b`.`name` WHERE  `a`.`role_id` IN (7)  AND `b`.`name` IN ('user/adminindex/default') [ RunTime:0.000323s ]
[ sql ] [ SQL ] SELECT COUNT(*) AS tp_count FROM `t_auth_rule` WHERE  `name` = 'admin/paytrade/default' LIMIT 1 [ RunTime:0.000187s ]
[ sql ] [ SQL ] SELECT `role_id` FROM `t_role_user` `a` INNER JOIN `t_role` `r` ON `a`.`role_id`=`r`.`id` WHERE  `a`.`user_id` = 100121  AND `r`.`status` = 1 [ RunTime:0.000215s ]
[ sql ] [ SQL ] SELECT * FROM `t_auth_access` `a` INNER JOIN `t_auth_rule` `b` ON `a`.`rule_name`=`b`.`name` WHERE  `a`.`role_id` IN (7)  AND `b`.`name` IN ('admin/paytrade/default') [ RunTime:0.000313s ]
[ sql ] [ SQL ] SELECT COUNT(*) AS tp_count FROM `t_auth_rule` WHERE  `name` = 'admin/setting/index' LIMIT 1 [ RunTime:0.000188s ]
[ sql ] [ SQL ] SELECT `role_id` FROM `t_role_user` `a` INNER JOIN `t_role` `r` ON `a`.`role_id`=`r`.`id` WHERE  `a`.`user_id` = 100121  AND `r`.`status` = 1 [ RunTime:0.000214s ]
[ sql ] [ SQL ] SELECT * FROM `t_auth_access` `a` INNER JOIN `t_auth_rule` `b` ON `a`.`rule_name`=`b`.`name` WHERE  `a`.`role_id` IN (7)  AND `b`.`name` IN ('admin/setting/index') [ RunTime:0.000312s ]
[ sql ] [ SQL ] SELECT COUNT(*) AS tp_count FROM `t_auth_rule` WHERE  `name` = 'admin/allotrobot/default' LIMIT 1 [ RunTime:0.000188s ]
[ sql ] [ SQL ] SELECT `role_id` FROM `t_role_user` `a` INNER JOIN `t_role` `r` ON `a`.`role_id`=`r`.`id` WHERE  `a`.`user_id` = 100121  AND `r`.`status` = 1 [ RunTime:0.000211s ]
[ sql ] [ SQL ] SELECT * FROM `t_auth_access` `a` INNER JOIN `t_auth_rule` `b` ON `a`.`rule_name`=`b`.`name` WHERE  `a`.`role_id` IN (7)  AND `b`.`name` IN ('admin/allotrobot/default') [ RunTime:0.000309s ]
[ sql ] [ SQL ] SELECT COUNT(*) AS tp_count FROM `t_auth_rule` WHERE  `name` = 'admin/adminsystem/menu' LIMIT 1 [ RunTime:0.000185s ]
[ sql ] [ SQL ] SELECT `role_id` FROM `t_role_user` `a` INNER JOIN `t_role` `r` ON `a`.`role_id`=`r`.`id` WHERE  `a`.`user_id` = 100121  AND `r`.`status` = 1 [ RunTime:0.000213s ]
[ sql ] [ SQL ] SELECT * FROM `t_auth_access` `a` INNER JOIN `t_auth_rule` `b` ON `a`.`rule_name`=`b`.`name` WHERE  `a`.`role_id` IN (7)  AND `b`.`name` IN ('admin/adminsystem/menu') [ RunTime:0.000306s ]
[ sql ] [ SQL ] SELECT * FROM `t_admin_menu` WHERE  `parent_id` = 171  AND `status` = 1 ORDER BY `list_order` ASC [ RunTime:0.000329s ]
[ sql ] [ SQL ] SELECT COUNT(*) AS tp_count FROM `t_auth_rule` WHERE  `name` = 'admin/resources/index' LIMIT 1 [ RunTime:0.000195s ]
[ sql ] [ SQL ] SELECT `role_id` FROM `t_role_user` `a` INNER JOIN `t_role` `r` ON `a`.`role_id`=`r`.`id` WHERE  `a`.`user_id` = 100121  AND `r`.`status` = 1 [ RunTime:0.000217s ]
[ sql ] [ SQL ] SELECT * FROM `t_auth_access` `a` INNER JOIN `t_auth_rule` `b` ON `a`.`rule_name`=`b`.`name` WHERE  `a`.`role_id` IN (7)  AND `b`.`name` IN ('admin/resources/index') [ RunTime:0.000317s ]
[ sql ] [ SQL ] SELECT COUNT(*) AS tp_count FROM `t_auth_rule` WHERE  `name` = 'admin/live/index' LIMIT 1 [ RunTime:0.000180s ]
[ sql ] [ SQL ] SELECT COUNT(*) AS tp_count FROM `t_auth_rule` WHERE  `name` = 'admin/userlevel/indexlist' LIMIT 1 [ RunTime:0.000169s ]
[ sql ] [ SQL ] SELECT COUNT(*) AS tp_count FROM `t_auth_rule` WHERE  `name` = 'admin/feedback/feedbacklist' LIMIT 1 [ RunTime:0.000172s ]
[ sql ] [ SQL ] SELECT `role_id` FROM `t_role_user` `a` INNER JOIN `t_role` `r` ON `a`.`role_id`=`r`.`id` WHERE  `a`.`user_id` = 100121  AND `r`.`status` = 1 [ RunTime:0.000241s ]
[ sql ] [ SQL ] SELECT * FROM `t_auth_access` `a` INNER JOIN `t_auth_rule` `b` ON `a`.`rule_name`=`b`.`name` WHERE  `a`.`role_id` IN (7)  AND `b`.`name` IN ('admin/feedback/feedbacklist') [ RunTime:0.000298s ]
[ sql ] [ SQL ] SELECT COUNT(*) AS tp_count FROM `t_auth_rule` WHERE  `name` = 'admin/sensitivewords/index' LIMIT 1 [ RunTime:0.000184s ]
[ sql ] [ SQL ] SELECT `role_id` FROM `t_role_user` `a` INNER JOIN `t_role` `r` ON `a`.`role_id`=`r`.`id` WHERE  `a`.`user_id` = 100121  AND `r`.`status` = 1 [ RunTime:0.000230s ]
[ sql ] [ SQL ] SELECT * FROM `t_auth_access` `a` INNER JOIN `t_auth_rule` `b` ON `a`.`rule_name`=`b`.`name` WHERE  `a`.`role_id` IN (7)  AND `b`.`name` IN ('admin/sensitivewords/index') [ RunTime:0.000298s ]
[ sql ] [ SQL ] SELECT COUNT(*) AS tp_count FROM `t_auth_rule` WHERE  `name` = 'admin/onlinevideo/index' LIMIT 1 [ RunTime:0.000183s ]
[ sql ] [ SQL ] SELECT `role_id` FROM `t_role_user` `a` INNER JOIN `t_role` `r` ON `a`.`role_id`=`r`.`id` WHERE  `a`.`user_id` = 100121  AND `r`.`status` = 1 [ RunTime:0.000229s ]
[ sql ] [ SQL ] SELECT * FROM `t_auth_access` `a` INNER JOIN `t_auth_rule` `b` ON `a`.`rule_name`=`b`.`name` WHERE  `a`.`role_id` IN (7)  AND `b`.`name` IN ('admin/onlinevideo/index') [ RunTime:0.000297s ]
[ sql ] [ SQL ] SELECT COUNT(*) AS tp_count FROM `t_auth_rule` WHERE  `name` = 'admin/gift/index' LIMIT 1 [ RunTime:0.000181s ]
[ sql ] [ SQL ] SELECT `role_id` FROM `t_role_user` `a` INNER JOIN `t_role` `r` ON `a`.`role_id`=`r`.`id` WHERE  `a`.`user_id` = 100121  AND `r`.`status` = 1 [ RunTime:0.000229s ]
[ sql ] [ SQL ] SELECT * FROM `t_auth_access` `a` INNER JOIN `t_auth_rule` `b` ON `a`.`rule_name`=`b`.`name` WHERE  `a`.`role_id` IN (7)  AND `b`.`name` IN ('admin/gift/index') [ RunTime:0.000293s ]
[ sql ] [ SQL ] SELECT COUNT(*) AS tp_count FROM `t_auth_rule` WHERE  `name` = 'admin/banner/index' LIMIT 1 [ RunTime:0.000185s ]
[ sql ] [ SQL ] SELECT `role_id` FROM `t_role_user` `a` INNER JOIN `t_role` `r` ON `a`.`role_id`=`r`.`id` WHERE  `a`.`user_id` = 100121  AND `r`.`status` = 1 [ RunTime:0.000228s ]
[ sql ] [ SQL ] SELECT * FROM `t_auth_access` `a` INNER JOIN `t_auth_rule` `b` ON `a`.`rule_name`=`b`.`name` WHERE  `a`.`role_id` IN (7)  AND `b`.`name` IN ('admin/banner/index') [ RunTime:0.000294s ]
[ sql ] [ SQL ] SELECT COUNT(*) AS tp_count FROM `t_auth_rule` WHERE  `name` = 'admin/customservice/default' LIMIT 1 [ RunTime:0.000182s ]
[ sql ] [ SQL ] SELECT `role_id` FROM `t_role_user` `a` INNER JOIN `t_role` `r` ON `a`.`role_id`=`r`.`id` WHERE  `a`.`user_id` = 100121  AND `r`.`status` = 1 [ RunTime:0.000231s ]
[ sql ] [ SQL ] SELECT * FROM `t_auth_access` `a` INNER JOIN `t_auth_rule` `b` ON `a`.`rule_name`=`b`.`name` WHERE  `a`.`role_id` IN (7)  AND `b`.`name` IN ('admin/customservice/default') [ RunTime:0.000293s ]
[ sql ] [ SQL ] SELECT * FROM `t_admin_menu` WHERE  `parent_id` = 180  AND `status` = 1 ORDER BY `list_order` ASC [ RunTime:0.000375s ]
[ sql ] [ SQL ] SELECT COUNT(*) AS tp_count FROM `t_auth_rule` WHERE  `name` = 'admin/headaudits/index' LIMIT 1 [ RunTime:0.000190s ]
[ sql ] [ SQL ] SELECT `role_id` FROM `t_role_user` `a` INNER JOIN `t_role` `r` ON `a`.`role_id`=`r`.`id` WHERE  `a`.`user_id` = 100121  AND `r`.`status` = 1 [ RunTime:0.000216s ]
[ sql ] [ SQL ] SELECT * FROM `t_auth_access` `a` INNER JOIN `t_auth_rule` `b` ON `a`.`rule_name`=`b`.`name` WHERE  `a`.`role_id` IN (7)  AND `b`.`name` IN ('admin/headaudits/index') [ RunTime:0.000310s ]
[ sql ] [ SQL ] SELECT COUNT(*) AS tp_count FROM `t_auth_rule` WHERE  `name` = 'admin/realnameauth/index' LIMIT 1 [ RunTime:0.000185s ]
[ sql ] [ SQL ] SELECT `role_id` FROM `t_role_user` `a` INNER JOIN `t_role` `r` ON `a`.`role_id`=`r`.`id` WHERE  `a`.`user_id` = 100121  AND `r`.`status` = 1 [ RunTime:0.000214s ]
[ sql ] [ SQL ] SELECT * FROM `t_auth_access` `a` INNER JOIN `t_auth_rule` `b` ON `a`.`rule_name`=`b`.`name` WHERE  `a`.`role_id` IN (7)  AND `b`.`name` IN ('admin/realnameauth/index') [ RunTime:0.000309s ]
[ sql ] [ SQL ] SELECT COUNT(*) AS tp_count FROM `t_auth_rule` WHERE  `name` = 'admin/darenauth/index' LIMIT 1 [ RunTime:0.000185s ]
[ sql ] [ SQL ] SELECT `role_id` FROM `t_role_user` `a` INNER JOIN `t_role` `r` ON `a`.`role_id`=`r`.`id` WHERE  `a`.`user_id` = 100121  AND `r`.`status` = 1 [ RunTime:0.000249s ]
[ sql ] [ SQL ] SELECT * FROM `t_auth_access` `a` INNER JOIN `t_auth_rule` `b` ON `a`.`rule_name`=`b`.`name` WHERE  `a`.`role_id` IN (7)  AND `b`.`name` IN ('admin/darenauth/index') [ RunTime:0.000310s ]
[ sql ] [ SQL ] SELECT COUNT(*) AS tp_count FROM `t_auth_rule` WHERE  `name` = 'admin/albumresources/index' LIMIT 1 [ RunTime:0.000186s ]
[ sql ] [ SQL ] SELECT `role_id` FROM `t_role_user` `a` INNER JOIN `t_role` `r` ON `a`.`role_id`=`r`.`id` WHERE  `a`.`user_id` = 100121  AND `r`.`status` = 1 [ RunTime:0.000212s ]
[ sql ] [ SQL ] SELECT * FROM `t_auth_access` `a` INNER JOIN `t_auth_rule` `b` ON `a`.`rule_name`=`b`.`name` WHERE  `a`.`role_id` IN (7)  AND `b`.`name` IN ('admin/albumresources/index') [ RunTime:0.000313s ]
[ sql ] [ SQL ] SELECT COUNT(*) AS tp_count FROM `t_auth_rule` WHERE  `name` = 'admin/videoresources/index' LIMIT 1 [ RunTime:0.000184s ]
[ sql ] [ SQL ] SELECT `role_id` FROM `t_role_user` `a` INNER JOIN `t_role` `r` ON `a`.`role_id`=`r`.`id` WHERE  `a`.`user_id` = 100121  AND `r`.`status` = 1 [ RunTime:0.000214s ]
[ sql ] [ SQL ] SELECT * FROM `t_auth_access` `a` INNER JOIN `t_auth_rule` `b` ON `a`.`rule_name`=`b`.`name` WHERE  `a`.`role_id` IN (7)  AND `b`.`name` IN ('admin/videoresources/index') [ RunTime:0.000312s ]
[ sql ] [ SQL ] SELECT * FROM `t_admin_menu` WHERE  `parent_id` = 322  AND `status` = 1 ORDER BY `list_order` ASC [ RunTime:0.000256s ]
[ sql ] [ SQL ] SELECT * FROM `t_admin_menu` WHERE  `parent_id` = 174  AND `status` = 1 ORDER BY `list_order` ASC [ RunTime:0.000305s ]
[ sql ] [ SQL ] SELECT * FROM `t_admin_menu` WHERE  `parent_id` = 226  AND `status` = 1 ORDER BY `list_order` ASC [ RunTime:0.000313s ]
[ sql ] [ SQL ] SELECT * FROM `t_admin_menu` WHERE  `parent_id` = 227  AND `status` = 1 ORDER BY `list_order` ASC [ RunTime:0.000290s ]
[ sql ] [ SQL ] SELECT * FROM `t_admin_menu` WHERE  `parent_id` = 294  AND `status` = 1 ORDER BY `list_order` ASC [ RunTime:0.000301s ]
[ sql ] [ SQL ] SELECT COUNT(*) AS tp_count FROM `t_auth_rule` WHERE  `name` = 'admin/livechannel/index' LIMIT 1 [ RunTime:0.000182s ]
[ sql ] [ SQL ] SELECT COUNT(*) AS tp_count FROM `t_auth_rule` WHERE  `name` = 'admin/livehome/index' LIMIT 1 [ RunTime:0.000168s ]
[ sql ] [ SQL ] SELECT COUNT(*) AS tp_count FROM `t_auth_rule` WHERE  `name` = 'admin/liveviewer/index' LIMIT 1 [ RunTime:0.000166s ]
[ sql ] [ SQL ] SELECT COUNT(*) AS tp_count FROM `t_auth_rule` WHERE  `name` = 'admin/liveorder/index' LIMIT 1 [ RunTime:0.000168s ]
[ sql ] [ SQL ] SELECT COUNT(*) AS tp_count FROM `t_auth_rule` WHERE  `name` = 'admin/liverecord/index' LIMIT 1 [ RunTime:0.000162s ]
[ sql ] [ SQL ] SELECT COUNT(*) AS tp_count FROM `t_auth_rule` WHERE  `name` = 'admin/livemike/index' LIMIT 1 [ RunTime:0.000163s ]
[ sql ] [ SQL ] SELECT COUNT(*) AS tp_count FROM `t_auth_rule` WHERE  `name` = 'admin/livestream/index' LIMIT 1 [ RunTime:0.000161s ]
[ sql ] [ SQL ] SELECT COUNT(*) AS tp_count FROM `t_auth_rule` WHERE  `name` = 'admin/livebanspeech/index' LIMIT 1 [ RunTime:0.000167s ]
[ sql ] [ SQL ] SELECT COUNT(*) AS tp_count FROM `t_auth_rule` WHERE  `name` = 'admin/livemanager/index' LIMIT 1 [ RunTime:0.000161s ]
[ sql ] [ SQL ] SELECT COUNT(*) AS tp_count FROM `t_auth_rule` WHERE  `name` = 'admin/liveremove/index' LIMIT 1 [ RunTime:0.000162s ]
[ sql ] [ SQL ] SELECT * FROM `t_admin_menu` WHERE  `parent_id` = 295  AND `status` = 1 ORDER BY `list_order` ASC [ RunTime:0.000259s ]
[ sql ] [ SQL ] SELECT * FROM `t_admin_menu` WHERE  `parent_id` = 296  AND `status` = 1 ORDER BY `list_order` ASC [ RunTime:0.000245s ]
[ sql ] [ SQL ] SELECT * FROM `t_admin_menu` WHERE  `parent_id` = 297  AND `status` = 1 ORDER BY `list_order` ASC [ RunTime:0.000246s ]
[ sql ] [ SQL ] SELECT * FROM `t_admin_menu` WHERE  `parent_id` = 298  AND `status` = 1 ORDER BY `list_order` ASC [ RunTime:0.000260s ]
[ sql ] [ SQL ] SELECT * FROM `t_admin_menu` WHERE  `parent_id` = 299  AND `status` = 1 ORDER BY `list_order` ASC [ RunTime:0.000242s ]
[ sql ] [ SQL ] SELECT * FROM `t_admin_menu` WHERE  `parent_id` = 300  AND `status` = 1 ORDER BY `list_order` ASC [ RunTime:0.000241s ]
[ sql ] [ SQL ] SELECT * FROM `t_admin_menu` WHERE  `parent_id` = 301  AND `status` = 1 ORDER BY `list_order` ASC [ RunTime:0.000259s ]
[ sql ] [ SQL ] SELECT * FROM `t_admin_menu` WHERE  `parent_id` = 305  AND `status` = 1 ORDER BY `list_order` ASC [ RunTime:0.000242s ]
[ sql ] [ SQL ] SELECT * FROM `t_admin_menu` WHERE  `parent_id` = 306  AND `status` = 1 ORDER BY `list_order` ASC [ RunTime:0.000242s ]
[ sql ] [ SQL ] SELECT * FROM `t_admin_menu` WHERE  `parent_id` = 307  AND `status` = 1 ORDER BY `list_order` ASC [ RunTime:0.000245s ]
[ sql ] [ SQL ] SELECT * FROM `t_admin_menu` WHERE  `parent_id` = 308  AND `status` = 1 ORDER BY `list_order` ASC [ RunTime:0.000243s ]
[ sql ] [ SQL ] SELECT * FROM `t_admin_menu` WHERE  `parent_id` = 179  AND `status` = 1 ORDER BY `list_order` ASC [ RunTime:0.000267s ]
[ sql ] [ SQL ] SELECT * FROM `t_admin_menu` WHERE  `parent_id` = 183  AND `status` = 1 ORDER BY `list_order` ASC [ RunTime:0.000304s ]
[ sql ] [ SQL ] SELECT * FROM `t_admin_menu` WHERE  `parent_id` = 184  AND `status` = 1 ORDER BY `list_order` ASC [ RunTime:0.000253s ]
[ sql ] [ SQL ] SELECT * FROM `t_admin_menu` WHERE  `parent_id` = 109  AND `status` = 1 ORDER BY `list_order` ASC [ RunTime:0.000349s ]
[ sql ] [ SQL ] SELECT COUNT(*) AS tp_count FROM `t_auth_rule` WHERE  `name` = 'user/adminindex/default1' LIMIT 1 [ RunTime:0.000192s ]
[ sql ] [ SQL ] SELECT `role_id` FROM `t_role_user` `a` INNER JOIN `t_role` `r` ON `a`.`role_id`=`r`.`id` WHERE  `a`.`user_id` = 100121  AND `r`.`status` = 1 [ RunTime:0.000221s ]
[ sql ] [ SQL ] SELECT * FROM `t_auth_access` `a` INNER JOIN `t_auth_rule` `b` ON `a`.`rule_name`=`b`.`name` WHERE  `a`.`role_id` IN (7)  AND `b`.`name` IN ('user/adminindex/default1') [ RunTime:0.000312s ]
[ sql ] [ SQL ] SELECT COUNT(*) AS tp_count FROM `t_auth_rule` WHERE  `name` = 'rbac/rbacmenu/index' LIMIT 1 [ RunTime:0.000187s ]
[ sql ] [ SQL ] SELECT `role_id` FROM `t_role_user` `a` INNER JOIN `t_role` `r` ON `a`.`role_id`=`r`.`id` WHERE  `a`.`user_id` = 100121  AND `r`.`status` = 1 [ RunTime:0.000215s ]
[ sql ] [ SQL ] SELECT * FROM `t_auth_access` `a` INNER JOIN `t_auth_rule` `b` ON `a`.`rule_name`=`b`.`name` WHERE  `a`.`role_id` IN (7)  AND `b`.`name` IN ('rbac/rbacmenu/index') [ RunTime:0.000299s ]
[ sql ] [ SQL ] SELECT * FROM `t_admin_menu` WHERE  `parent_id` = 152  AND `status` = 1 ORDER BY `list_order` ASC [ RunTime:0.000333s ]
[ sql ] [ SQL ] SELECT COUNT(*) AS tp_count FROM `t_auth_rule` WHERE  `name` = 'admin/usercoinchange/index' LIMIT 1 [ RunTime:0.000204s ]
[ sql ] [ SQL ] SELECT `role_id` FROM `t_role_user` `a` INNER JOIN `t_role` `r` ON `a`.`role_id`=`r`.`id` WHERE  `a`.`user_id` = 100121  AND `r`.`status` = 1 [ RunTime:0.000213s ]
[ sql ] [ SQL ] SELECT * FROM `t_auth_access` `a` INNER JOIN `t_auth_rule` `b` ON `a`.`rule_name`=`b`.`name` WHERE  `a`.`role_id` IN (7)  AND `b`.`name` IN ('admin/usercoinchange/index') [ RunTime:0.000296s ]
[ sql ] [ SQL ] SELECT COUNT(*) AS tp_count FROM `t_auth_rule` WHERE  `name` = 'admin/usermember/index' LIMIT 1 [ RunTime:0.000201s ]
[ sql ] [ SQL ] SELECT `role_id` FROM `t_role_user` `a` INNER JOIN `t_role` `r` ON `a`.`role_id`=`r`.`id` WHERE  `a`.`user_id` = 100121  AND `r`.`status` = 1 [ RunTime:0.000213s ]
[ sql ] [ SQL ] SELECT * FROM `t_auth_access` `a` INNER JOIN `t_auth_rule` `b` ON `a`.`rule_name`=`b`.`name` WHERE  `a`.`role_id` IN (7)  AND `b`.`name` IN ('admin/usermember/index') [ RunTime:0.000297s ]
[ sql ] [ SQL ] SELECT * FROM `t_admin_menu` WHERE  `parent_id` = 193  AND `status` = 1 ORDER BY `list_order` ASC [ RunTime:0.000320s ]
[ sql ] [ SQL ] SELECT * FROM `t_admin_menu` WHERE  `parent_id` = 223  AND `status` = 1 ORDER BY `list_order` ASC [ RunTime:0.000275s ]
[ sql ] [ SQL ] SELECT COUNT(*) AS tp_count FROM `t_auth_rule` WHERE  `name` = 'admin/viporder/index' LIMIT 1 [ RunTime:0.000188s ]
[ sql ] [ SQL ] SELECT `role_id` FROM `t_role_user` `a` INNER JOIN `t_role` `r` ON `a`.`role_id`=`r`.`id` WHERE  `a`.`user_id` = 100121  AND `r`.`status` = 1 [ RunTime:0.000216s ]
[ sql ] [ SQL ] SELECT * FROM `t_auth_access` `a` INNER JOIN `t_auth_rule` `b` ON `a`.`rule_name`=`b`.`name` WHERE  `a`.`role_id` IN (7)  AND `b`.`name` IN ('admin/viporder/index') [ RunTime:0.000293s ]
[ sql ] [ SQL ] SELECT COUNT(*) AS tp_count FROM `t_auth_rule` WHERE  `name` = 'admin/rechargeorder/index' LIMIT 1 [ RunTime:0.000182s ]
[ sql ] [ SQL ] SELECT `role_id` FROM `t_role_user` `a` INNER JOIN `t_role` `r` ON `a`.`role_id`=`r`.`id` WHERE  `a`.`user_id` = 100121  AND `r`.`status` = 1 [ RunTime:0.000216s ]
[ sql ] [ SQL ] SELECT * FROM `t_auth_access` `a` INNER JOIN `t_auth_rule` `b` ON `a`.`rule_name`=`b`.`name` WHERE  `a`.`role_id` IN (7)  AND `b`.`name` IN ('admin/rechargeorder/index') [ RunTime:0.000293s ]
[ sql ] [ SQL ] SELECT COUNT(*) AS tp_count FROM `t_auth_rule` WHERE  `name` = 'admin/withdraworder/index' LIMIT 1 [ RunTime:0.000183s ]
[ sql ] [ SQL ] SELECT `role_id` FROM `t_role_user` `a` INNER JOIN `t_role` `r` ON `a`.`role_id`=`r`.`id` WHERE  `a`.`user_id` = 100121  AND `r`.`status` = 1 [ RunTime:0.000214s ]
[ sql ] [ SQL ] SELECT * FROM `t_auth_access` `a` INNER JOIN `t_auth_rule` `b` ON `a`.`rule_name`=`b`.`name` WHERE  `a`.`role_id` IN (7)  AND `b`.`name` IN ('admin/withdraworder/index') [ RunTime:0.000294s ]
[ sql ] [ SQL ] SELECT COUNT(*) AS tp_count FROM `t_auth_rule` WHERE  `name` = 'admin/paytrade/index' LIMIT 1 [ RunTime:0.000182s ]
[ sql ] [ SQL ] SELECT `role_id` FROM `t_role_user` `a` INNER JOIN `t_role` `r` ON `a`.`role_id`=`r`.`id` WHERE  `a`.`user_id` = 100121  AND `r`.`status` = 1 [ RunTime:0.000216s ]
[ sql ] [ SQL ] SELECT * FROM `t_auth_access` `a` INNER JOIN `t_auth_rule` `b` ON `a`.`rule_name`=`b`.`name` WHERE  `a`.`role_id` IN (7)  AND `b`.`name` IN ('admin/paytrade/index') [ RunTime:0.000297s ]
[ sql ] [ SQL ] SELECT COUNT(*) AS tp_count FROM `t_auth_rule` WHERE  `name` = 'admin/usercoin/index' LIMIT 1 [ RunTime:0.000182s ]
[ sql ] [ SQL ] SELECT `role_id` FROM `t_role_user` `a` INNER JOIN `t_role` `r` ON `a`.`role_id`=`r`.`id` WHERE  `a`.`user_id` = 100121  AND `r`.`status` = 1 [ RunTime:0.000216s ]
[ sql ] [ SQL ] SELECT * FROM `t_auth_access` `a` INNER JOIN `t_auth_rule` `b` ON `a`.`rule_name`=`b`.`name` WHERE  `a`.`role_id` IN (7)  AND `b`.`name` IN ('admin/usercoin/index') [ RunTime:0.000293s ]
[ sql ] [ SQL ] SELECT * FROM `t_admin_menu` WHERE  `parent_id` = 195  AND `status` = 1 ORDER BY `list_order` ASC [ RunTime:0.000261s ]
[ sql ] [ SQL ] SELECT * FROM `t_admin_menu` WHERE  `parent_id` = 162  AND `status` = 1 ORDER BY `list_order` ASC [ RunTime:0.000340s ]
[ sql ] [ SQL ] SELECT COUNT(*) AS tp_count FROM `t_auth_rule` WHERE  `name` = 'admin/setting/login' LIMIT 1 [ RunTime:0.000190s ]
[ sql ] [ SQL ] SELECT `role_id` FROM `t_role_user` `a` INNER JOIN `t_role` `r` ON `a`.`role_id`=`r`.`id` WHERE  `a`.`user_id` = 100121  AND `r`.`status` = 1 [ RunTime:0.000231s ]
[ sql ] [ SQL ] SELECT * FROM `t_auth_access` `a` INNER JOIN `t_auth_rule` `b` ON `a`.`rule_name`=`b`.`name` WHERE  `a`.`role_id` IN (7)  AND `b`.`name` IN ('admin/setting/login') [ RunTime:0.000296s ]
[ sql ] [ SQL ] SELECT COUNT(*) AS tp_count FROM `t_auth_rule` WHERE  `name` = 'admin/setting/default' LIMIT 1 [ RunTime:0.000184s ]
[ sql ] [ SQL ] SELECT `role_id` FROM `t_role_user` `a` INNER JOIN `t_role` `r` ON `a`.`role_id`=`r`.`id` WHERE  `a`.`user_id` = 100121  AND `r`.`status` = 1 [ RunTime:0.000227s ]
[ sql ] [ SQL ] SELECT * FROM `t_auth_access` `a` INNER JOIN `t_auth_rule` `b` ON `a`.`rule_name`=`b`.`name` WHERE  `a`.`role_id` IN (7)  AND `b`.`name` IN ('admin/setting/default') [ RunTime:0.000297s ]
[ sql ] [ SQL ] SELECT COUNT(*) AS tp_count FROM `t_auth_rule` WHERE  `name` = 'admin/adminmsg/index' LIMIT 1 [ RunTime:0.000182s ]
[ sql ] [ SQL ] SELECT `role_id` FROM `t_role_user` `a` INNER JOIN `t_role` `r` ON `a`.`role_id`=`r`.`id` WHERE  `a`.`user_id` = 100121  AND `r`.`status` = 1 [ RunTime:0.000230s ]
[ sql ] [ SQL ] SELECT * FROM `t_auth_access` `a` INNER JOIN `t_auth_rule` `b` ON `a`.`rule_name`=`b`.`name` WHERE  `a`.`role_id` IN (7)  AND `b`.`name` IN ('admin/adminmsg/index') [ RunTime:0.000297s ]
[ sql ] [ SQL ] SELECT COUNT(*) AS tp_count FROM `t_auth_rule` WHERE  `name` = 'admin/givenconfig/defaultpage' LIMIT 1 [ RunTime:0.000180s ]
[ sql ] [ SQL ] SELECT * FROM `t_admin_menu` WHERE  `parent_id` = 175  AND `status` = 1 ORDER BY `list_order` ASC [ RunTime:0.000328s ]
[ sql ] [ SQL ] SELECT COUNT(*) AS tp_count FROM `t_auth_rule` WHERE  `name` = 'admin/sendmsgtemplate/msgtemplatelist' LIMIT 1 [ RunTime:0.000189s ]
[ sql ] [ SQL ] SELECT `role_id` FROM `t_role_user` `a` INNER JOIN `t_role` `r` ON `a`.`role_id`=`r`.`id` WHERE  `a`.`user_id` = 100121  AND `r`.`status` = 1 [ RunTime:0.000215s ]
[ sql ] [ SQL ] SELECT * FROM `t_auth_access` `a` INNER JOIN `t_auth_rule` `b` ON `a`.`rule_name`=`b`.`name` WHERE  `a`.`role_id` IN (7)  AND `b`.`name` IN ('admin/sendmsgtemplate/msgtemplatelist') [ RunTime:0.000318s ]
[ sql ] [ SQL ] SELECT COUNT(*) AS tp_count FROM `t_auth_rule` WHERE  `name` = 'admin/smscode/index' LIMIT 1 [ RunTime:0.000184s ]
[ sql ] [ SQL ] SELECT `role_id` FROM `t_role_user` `a` INNER JOIN `t_role` `r` ON `a`.`role_id`=`r`.`id` WHERE  `a`.`user_id` = 100121  AND `r`.`status` = 1 [ RunTime:0.000211s ]
[ sql ] [ SQL ] SELECT * FROM `t_auth_access` `a` INNER JOIN `t_auth_rule` `b` ON `a`.`rule_name`=`b`.`name` WHERE  `a`.`role_id` IN (7)  AND `b`.`name` IN ('admin/smscode/index') [ RunTime:0.000310s ]
[ sql ] [ SQL ] SELECT COUNT(*) AS tp_count FROM `t_auth_rule` WHERE  `name` = 'admin/sendusermessages/index' LIMIT 1 [ RunTime:0.000184s ]
[ sql ] [ SQL ] SELECT `role_id` FROM `t_role_user` `a` INNER JOIN `t_role` `r` ON `a`.`role_id`=`r`.`id` WHERE  `a`.`user_id` = 100121  AND `r`.`status` = 1 [ RunTime:0.000211s ]
[ sql ] [ SQL ] SELECT * FROM `t_auth_access` `a` INNER JOIN `t_auth_rule` `b` ON `a`.`rule_name`=`b`.`name` WHERE  `a`.`role_id` IN (7)  AND `b`.`name` IN ('admin/sendusermessages/index') [ RunTime:0.000315s ]
[ sql ] [ SQL ] SELECT * FROM `t_admin_menu` WHERE  `parent_id` = 205  AND `status` = 1 ORDER BY `list_order` ASC [ RunTime:0.000250s ]
[ sql ] [ SQL ] SELECT * FROM `t_admin_menu` WHERE  `parent_id` = 220  AND `status` = 1 ORDER BY `list_order` ASC [ RunTime:0.000247s ]
[ sql ] [ SQL ] SELECT * FROM `t_admin_menu` WHERE  `parent_id` = 317  AND `status` = 1 ORDER BY `list_order` ASC [ RunTime:0.000317s ]
[ sql ] [ SQL ] SELECT COUNT(*) AS tp_count FROM `t_auth_rule` WHERE  `name` = 'admin/adjustprices/index' LIMIT 1 [ RunTime:0.000183s ]
[ sql ] [ SQL ] SELECT COUNT(*) AS tp_count FROM `t_auth_rule` WHERE  `name` = 'admin/givenconfig/anchorlevel' LIMIT 1 [ RunTime:0.000167s ]
[ sql ] [ SQL ] SELECT COUNT(*) AS tp_count FROM `t_auth_rule` WHERE  `name` = 'admin/customerconfig/index' LIMIT 1 [ RunTime:0.000180s ]
[ sql ] [ SQL ] SELECT `role_id` FROM `t_role_user` `a` INNER JOIN `t_role` `r` ON `a`.`role_id`=`r`.`id` WHERE  `a`.`user_id` = 100121  AND `r`.`status` = 1 [ RunTime:0.000219s ]
[ sql ] [ SQL ] SELECT * FROM `t_auth_access` `a` INNER JOIN `t_auth_rule` `b` ON `a`.`rule_name`=`b`.`name` WHERE  `a`.`role_id` IN (7)  AND `b`.`name` IN ('admin/customerconfig/index') [ RunTime:0.000298s ]
[ sql ] [ SQL ] SELECT * FROM `t_admin_menu` WHERE  `parent_id` = 319  AND `status` = 1 ORDER BY `list_order` ASC [ RunTime:0.000252s ]
[ sql ] [ SQL ] SELECT * FROM `t_admin_menu` WHERE  `parent_id` = 321  AND `status` = 1 ORDER BY `list_order` ASC [ RunTime:0.000246s ]
[ sql ] [ SQL ] SELECT * FROM `t_admin_menu` ORDER BY `app` ASC,`controller` ASC,`action` ASC [ RunTime:0.000654s ]
[ sql ] [ SQL ] SHOW COLUMNS FROM `t_user_message` [ RunTime:0.000474s ]
[ sql ] [ SQL ] SELECT COUNT(*) AS tp_count FROM `t_user_message` WHERE  (  status=1 and receive_id =100121 and read_flag = 0 ) LIMIT 1 [ RunTime:0.000340s ]
[ sql ] [ SQL ] SELECT * FROM `t_user_message` WHERE  (  status=1 and receive_id =100121 and read_flag = 0 ) [ RunTime:0.000422s ]
---------------------------------------------------------------
[ 2019-11-06T11:18:45+08:00 ] 123.52.87.56 POST /admin/index/getmessagenumber.html
[ sql ] [ DB ] CONNECT:[ UseTime:0.000682s ] mysql:host=127.0.0.1;port=3306;dbname=iliao_db;charset=utf8mb4
[ sql ] [ SQL ] SHOW COLUMNS FROM `t_user` [ RunTime:0.000864s ]
[ sql ] [ SQL ] SELECT * FROM `t_user` WHERE  `id` = 100121 LIMIT 1 [ RunTime:0.000586s ]
[ sql ] [ SQL ] SHOW COLUMNS FROM `t_auth_rule` [ RunTime:0.000514s ]
[ sql ] [ SQL ] SELECT COUNT(*) AS tp_count FROM `t_auth_rule` WHERE  `name` = 'admin/index/getmessagenumber' LIMIT 1 [ RunTime:0.000229s ]
[ sql ] [ SQL ] SHOW COLUMNS FROM `t_user_message` [ RunTime:0.000454s ]
[ sql ] [ SQL ] SELECT COUNT(*) AS tp_count FROM `t_user_message` WHERE  (  status=1 and receive_id =100121 and read_flag = 0 ) LIMIT 1 [ RunTime:0.000394s ]
[ sql ] [ SQL ] SELECT * FROM `t_user_message` WHERE  (  status=1 and receive_id =100121 and read_flag = 0 ) [ RunTime:0.000447s ]
---------------------------------------------------------------
[ 2019-11-06T11:18:45+08:00 ] 123.52.87.56 GET /admin/online_video/index.html?t=1572962323647
[ sql ] [ DB ] CONNECT:[ UseTime:0.000666s ] mysql:host=127.0.0.1;port=3306;dbname=iliao_db;charset=utf8mb4
[ sql ] [ SQL ] SHOW COLUMNS FROM `t_user` [ RunTime:0.000835s ]
[ sql ] [ SQL ] SELECT * FROM `t_user` WHERE  `id` = 100121 LIMIT 1 [ RunTime:0.000521s ]
[ sql ] [ SQL ] SHOW COLUMNS FROM `t_auth_rule` [ RunTime:0.000485s ]
[ sql ] [ SQL ] SELECT COUNT(*) AS tp_count FROM `t_auth_rule` WHERE  `name` = 'admin/onlinevideo/index' LIMIT 1 [ RunTime:0.000232s ]
[ sql ] [ SQL ] SHOW COLUMNS FROM `t_role_user` [ RunTime:0.000401s ]
[ sql ] [ SQL ] SELECT `role_id` FROM `t_role_user` `a` INNER JOIN `t_role` `r` ON `a`.`role_id`=`r`.`id` WHERE  `a`.`user_id` = 100121  AND `r`.`status` = 1 [ RunTime:0.000264s ]
[ sql ] [ SQL ] SHOW COLUMNS FROM `t_auth_access` [ RunTime:0.000388s ]
[ sql ] [ SQL ] SELECT * FROM `t_auth_access` `a` INNER JOIN `t_auth_rule` `b` ON `a`.`rule_name`=`b`.`name` WHERE  `a`.`role_id` IN (7)  AND `b`.`name` IN ('admin/onlinevideo/index') [ RunTime:0.000342s ]
---------------------------------------------------------------
[ 2019-11-06T11:18:47+08:00 ] 123.52.87.56 GET /admin/online_video/index?data%5Bkeywords%5D=&pageIndex=0&sortField=1&sortType=desc&pageSize=10&_=1573010318547
[ sql ] [ DB ] CONNECT:[ UseTime:0.000675s ] mysql:host=127.0.0.1;port=3306;dbname=iliao_db;charset=utf8mb4
[ sql ] [ SQL ] SHOW COLUMNS FROM `t_user` [ RunTime:0.000824s ]
[ sql ] [ SQL ] SELECT * FROM `t_user` WHERE  `id` = 100121 LIMIT 1 [ RunTime:0.000534s ]
[ sql ] [ SQL ] SHOW COLUMNS FROM `t_auth_rule` [ RunTime:0.000494s ]
[ sql ] [ SQL ] SELECT COUNT(*) AS tp_count FROM `t_auth_rule` WHERE  `name` = 'admin/onlinevideo/index' LIMIT 1 [ RunTime:0.000232s ]
[ sql ] [ SQL ] SHOW COLUMNS FROM `t_role_user` [ RunTime:0.000365s ]
[ sql ] [ SQL ] SELECT `role_id` FROM `t_role_user` `a` INNER JOIN `t_role` `r` ON `a`.`role_id`=`r`.`id` WHERE  `a`.`user_id` = 100121  AND `r`.`status` = 1 [ RunTime:0.000293s ]
[ sql ] [ SQL ] SHOW COLUMNS FROM `t_auth_access` [ RunTime:0.000359s ]
[ sql ] [ SQL ] SELECT * FROM `t_auth_access` `a` INNER JOIN `t_auth_rule` `b` ON `a`.`rule_name`=`b`.`name` WHERE  `a`.`role_id` IN (7)  AND `b`.`name` IN ('admin/onlinevideo/index') [ RunTime:0.000362s ]
[ sql ] [ SQL ] SHOW COLUMNS FROM `t_chat_trtc` [ RunTime:0.000400s ]
[ sql ] [ SQL ] SELECT COUNT(*) AS tp_count FROM ( SELECT GROUP_CONCAT(id) as ids,
                        GROUP_CONCAT(user_id) as uid, 
                        GROUP_CONCAT(stream_id) as streams, 
                        home_id,
                        create_time,count(*) FROM `t_chat_trtc` WHERE  `status` = 1 GROUP BY `home_id` ORDER BY `id` DESC ) `_group_count_` LIMIT 1 [ RunTime:0.002234s ]
[ sql ] [ SQL ] SELECT GROUP_CONCAT(id) as ids,
                        GROUP_CONCAT(user_id) as uid, 
                        GROUP_CONCAT(stream_id) as streams, 
                        home_id,
                        create_time FROM `t_chat_trtc` WHERE  `status` = 1 GROUP BY `home_id` ORDER BY `id` DESC LIMIT 0,10 [ RunTime:0.002030s ]
---------------------------------------------------------------
[ 2019-11-06T11:18:47+08:00 ] 113.67.226.226 POST /admin/index/getmessagenumber.html
[ sql ] [ DB ] CONNECT:[ UseTime:0.000576s ] mysql:host=127.0.0.1;port=3306;dbname=iliao_db;charset=utf8mb4
[ sql ] [ SQL ] SHOW COLUMNS FROM `t_user` [ RunTime:0.000826s ]
[ sql ] [ SQL ] SELECT * FROM `t_user` WHERE  `id` = 1 LIMIT 1 [ RunTime:0.000518s ]
[ sql ] [ SQL ] SHOW COLUMNS FROM `t_user_message` [ RunTime:0.000508s ]
[ sql ] [ SQL ] SELECT COUNT(*) AS tp_count FROM `t_user_message` WHERE  (  status=1 and receive_id =1 and read_flag = 0 ) LIMIT 1 [ RunTime:0.000411s ]
[ sql ] [ SQL ] SELECT * FROM `t_user_message` WHERE  (  status=1 and receive_id =1 and read_flag = 0 ) [ RunTime:0.000926s ]
---------------------------------------------------------------
[ 2019-11-06T11:18:53+08:00 ] 115.60.148.27 POST /admin/index/getmessagenumber.html
[ sql ] [ DB ] CONNECT:[ UseTime:0.000632s ] mysql:host=127.0.0.1;port=3306;dbname=iliao_db;charset=utf8mb4
[ sql ] [ SQL ] SHOW COLUMNS FROM `t_user` [ RunTime:0.000859s ]
[ sql ] [ SQL ] SELECT * FROM `t_user` WHERE  `id` = 100896 LIMIT 1 [ RunTime:0.000587s ]
[ sql ] [ SQL ] SHOW COLUMNS FROM `t_auth_rule` [ RunTime:0.000509s ]
[ sql ] [ SQL ] SELECT COUNT(*) AS tp_count FROM `t_auth_rule` WHERE  `name` = 'admin/index/getmessagenumber' LIMIT 1 [ RunTime:0.000223s ]
[ sql ] [ SQL ] SHOW COLUMNS FROM `t_user_message` [ RunTime:0.000508s ]
[ sql ] [ SQL ] SELECT COUNT(*) AS tp_count FROM `t_user_message` WHERE  (  status=1 and receive_id =100896 and read_flag = 0 ) LIMIT 1 [ RunTime:0.000367s ]
[ sql ] [ SQL ] SELECT * FROM `t_user_message` WHERE  (  status=1 and receive_id =100896 and read_flag = 0 ) [ RunTime:0.000637s ]
---------------------------------------------------------------
[ 2019-11-06T11:18:54+08:00 ] 123.52.87.56 POST /admin/index/getmessagenumber.html
[ sql ] [ DB ] CONNECT:[ UseTime:0.000698s ] mysql:host=127.0.0.1;port=3306;dbname=iliao_db;charset=utf8mb4
[ sql ] [ SQL ] SHOW COLUMNS FROM `t_user` [ RunTime:0.000881s ]
[ sql ] [ SQL ] SELECT * FROM `t_user` WHERE  `id` = 100121 LIMIT 1 [ RunTime:0.000543s ]
[ sql ] [ SQL ] SHOW COLUMNS FROM `t_auth_rule` [ RunTime:0.000486s ]
[ sql ] [ SQL ] SELECT COUNT(*) AS tp_count FROM `t_auth_rule` WHERE  `name` = 'admin/index/getmessagenumber' LIMIT 1 [ RunTime:0.000218s ]
[ sql ] [ SQL ] SHOW COLUMNS FROM `t_user_message` [ RunTime:0.000439s ]
[ sql ] [ SQL ] SELECT COUNT(*) AS tp_count FROM `t_user_message` WHERE  (  status=1 and receive_id =100121 and read_flag = 0 ) LIMIT 1 [ RunTime:0.000361s ]
[ sql ] [ SQL ] SELECT * FROM `t_user_message` WHERE  (  status=1 and receive_id =100121 and read_flag = 0 ) [ RunTime:0.000452s ]
---------------------------------------------------------------
[ 2019-11-06T11:18:55+08:00 ] 123.52.87.56 GET /admin/index/index.html
[ sql ] [ DB ] CONNECT:[ UseTime:0.000650s ] mysql:host=127.0.0.1;port=3306;dbname=iliao_db;charset=utf8mb4
[ sql ] [ SQL ] SHOW COLUMNS FROM `t_user` [ RunTime:0.000806s ]
[ sql ] [ SQL ] SELECT * FROM `t_user` WHERE  `id` = 100121 LIMIT 1 [ RunTime:0.000535s ]
[ sql ] [ SQL ] SHOW COLUMNS FROM `t_admin_menu` [ RunTime:0.000486s ]
[ sql ] [ SQL ] SELECT * FROM `t_admin_menu` WHERE  `parent_id` = 0  AND `status` = 1 ORDER BY `list_order` ASC [ RunTime:0.000363s ]
[ sql ] [ SQL ] SHOW COLUMNS FROM `t_auth_rule` [ RunTime:0.000412s ]
[ sql ] [ SQL ] SELECT COUNT(*) AS tp_count FROM `t_auth_rule` WHERE  `name` = 'admin/adminchattask/default' LIMIT 1 [ RunTime:0.000211s ]
[ sql ] [ SQL ] SHOW COLUMNS FROM `t_role_user` [ RunTime:0.000370s ]
[ sql ] [ SQL ] SELECT `role_id` FROM `t_role_user` `a` INNER JOIN `t_role` `r` ON `a`.`role_id`=`r`.`id` WHERE  `a`.`user_id` = 100121  AND `r`.`status` = 1 [ RunTime:0.000249s ]
[ sql ] [ SQL ] SHOW COLUMNS FROM `t_auth_access` [ RunTime:0.000365s ]
[ sql ] [ SQL ] SELECT * FROM `t_auth_access` `a` INNER JOIN `t_auth_rule` `b` ON `a`.`rule_name`=`b`.`name` WHERE  `a`.`role_id` IN (7)  AND `b`.`name` IN ('admin/adminchattask/default') [ RunTime:0.000336s ]
[ sql ] [ SQL ] SELECT COUNT(*) AS tp_count FROM `t_auth_rule` WHERE  `name` = 'user/adminindex/default' LIMIT 1 [ RunTime:0.000194s ]
[ sql ] [ SQL ] SELECT `role_id` FROM `t_role_user` `a` INNER JOIN `t_role` `r` ON `a`.`role_id`=`r`.`id` WHERE  `a`.`user_id` = 100121  AND `r`.`status` = 1 [ RunTime:0.000242s ]
[ sql ] [ SQL ] SELECT * FROM `t_auth_access` `a` INNER JOIN `t_auth_rule` `b` ON `a`.`rule_name`=`b`.`name` WHERE  `a`.`role_id` IN (7)  AND `b`.`name` IN ('user/adminindex/default') [ RunTime:0.000304s ]
[ sql ] [ SQL ] SELECT COUNT(*) AS tp_count FROM `t_auth_rule` WHERE  `name` = 'admin/paytrade/default' LIMIT 1 [ RunTime:0.000187s ]
[ sql ] [ SQL ] SELECT `role_id` FROM `t_role_user` `a` INNER JOIN `t_role` `r` ON `a`.`role_id`=`r`.`id` WHERE  `a`.`user_id` = 100121  AND `r`.`status` = 1 [ RunTime:0.000230s ]
[ sql ] [ SQL ] SELECT * FROM `t_auth_access` `a` INNER JOIN `t_auth_rule` `b` ON `a`.`rule_name`=`b`.`name` WHERE  `a`.`role_id` IN (7)  AND `b`.`name` IN ('admin/paytrade/default') [ RunTime:0.000297s ]
[ sql ] [ SQL ] SELECT COUNT(*) AS tp_count FROM `t_auth_rule` WHERE  `name` = 'admin/setting/index' LIMIT 1 [ RunTime:0.000184s ]
[ sql ] [ SQL ] SELECT `role_id` FROM `t_role_user` `a` INNER JOIN `t_role` `r` ON `a`.`role_id`=`r`.`id` WHERE  `a`.`user_id` = 100121  AND `r`.`status` = 1 [ RunTime:0.000228s ]
[ sql ] [ SQL ] SELECT * FROM `t_auth_access` `a` INNER JOIN `t_auth_rule` `b` ON `a`.`rule_name`=`b`.`name` WHERE  `a`.`role_id` IN (7)  AND `b`.`name` IN ('admin/setting/index') [ RunTime:0.000294s ]
[ sql ] [ SQL ] SELECT COUNT(*) AS tp_count FROM `t_auth_rule` WHERE  `name` = 'admin/allotrobot/default' LIMIT 1 [ RunTime:0.000184s ]
[ sql ] [ SQL ] SELECT `role_id` FROM `t_role_user` `a` INNER JOIN `t_role` `r` ON `a`.`role_id`=`r`.`id` WHERE  `a`.`user_id` = 100121  AND `r`.`status` = 1 [ RunTime:0.000228s ]
[ sql ] [ SQL ] SELECT * FROM `t_auth_access` `a` INNER JOIN `t_auth_rule` `b` ON `a`.`rule_name`=`b`.`name` WHERE  `a`.`role_id` IN (7)  AND `b`.`name` IN ('admin/allotrobot/default') [ RunTime:0.000291s ]
[ sql ] [ SQL ] SELECT COUNT(*) AS tp_count FROM `t_auth_rule` WHERE  `name` = 'admin/adminsystem/menu' LIMIT 1 [ RunTime:0.000182s ]
[ sql ] [ SQL ] SELECT `role_id` FROM `t_role_user` `a` INNER JOIN `t_role` `r` ON `a`.`role_id`=`r`.`id` WHERE  `a`.`user_id` = 100121  AND `r`.`status` = 1 [ RunTime:0.000228s ]
[ sql ] [ SQL ] SELECT * FROM `t_auth_access` `a` INNER JOIN `t_auth_rule` `b` ON `a`.`rule_name`=`b`.`name` WHERE  `a`.`role_id` IN (7)  AND `b`.`name` IN ('admin/adminsystem/menu') [ RunTime:0.000291s ]
[ sql ] [ SQL ] SELECT * FROM `t_admin_menu` WHERE  `parent_id` = 171  AND `status` = 1 ORDER BY `list_order` ASC [ RunTime:0.000325s ]
[ sql ] [ SQL ] SELECT COUNT(*) AS tp_count FROM `t_auth_rule` WHERE  `name` = 'admin/resources/index' LIMIT 1 [ RunTime:0.000190s ]
[ sql ] [ SQL ] SELECT `role_id` FROM `t_role_user` `a` INNER JOIN `t_role` `r` ON `a`.`role_id`=`r`.`id` WHERE  `a`.`user_id` = 100121  AND `r`.`status` = 1 [ RunTime:0.000242s ]
[ sql ] [ SQL ] SELECT * FROM `t_auth_access` `a` INNER JOIN `t_auth_rule` `b` ON `a`.`rule_name`=`b`.`name` WHERE  `a`.`role_id` IN (7)  AND `b`.`name` IN ('admin/resources/index') [ RunTime:0.000299s ]
[ sql ] [ SQL ] SELECT COUNT(*) AS tp_count FROM `t_auth_rule` WHERE  `name` = 'admin/live/index' LIMIT 1 [ RunTime:0.000177s ]
[ sql ] [ SQL ] SELECT COUNT(*) AS tp_count FROM `t_auth_rule` WHERE  `name` = 'admin/userlevel/indexlist' LIMIT 1 [ RunTime:0.000182s ]
[ sql ] [ SQL ] SELECT COUNT(*) AS tp_count FROM `t_auth_rule` WHERE  `name` = 'admin/feedback/feedbacklist' LIMIT 1 [ RunTime:0.000173s ]
[ sql ] [ SQL ] SELECT `role_id` FROM `t_role_user` `a` INNER JOIN `t_role` `r` ON `a`.`role_id`=`r`.`id` WHERE  `a`.`user_id` = 100121  AND `r`.`status` = 1 [ RunTime:0.000211s ]
[ sql ] [ SQL ] SELECT * FROM `t_auth_access` `a` INNER JOIN `t_auth_rule` `b` ON `a`.`rule_name`=`b`.`name` WHERE  `a`.`role_id` IN (7)  AND `b`.`name` IN ('admin/feedback/feedbacklist') [ RunTime:0.000308s ]
[ sql ] [ SQL ] SELECT COUNT(*) AS tp_count FROM `t_auth_rule` WHERE  `name` = 'admin/sensitivewords/index' LIMIT 1 [ RunTime:0.000186s ]
[ sql ] [ SQL ] SELECT `role_id` FROM `t_role_user` `a` INNER JOIN `t_role` `r` ON `a`.`role_id`=`r`.`id` WHERE  `a`.`user_id` = 100121  AND `r`.`status` = 1 [ RunTime:0.000213s ]
[ sql ] [ SQL ] SELECT * FROM `t_auth_access` `a` INNER JOIN `t_auth_rule` `b` ON `a`.`rule_name`=`b`.`name` WHERE  `a`.`role_id` IN (7)  AND `b`.`name` IN ('admin/sensitivewords/index') [ RunTime:0.000295s ]
[ sql ] [ SQL ] SELECT COUNT(*) AS tp_count FROM `t_auth_rule` WHERE  `name` = 'admin/onlinevideo/index' LIMIT 1 [ RunTime:0.000185s ]
[ sql ] [ SQL ] SELECT `role_id` FROM `t_role_user` `a` INNER JOIN `t_role` `r` ON `a`.`role_id`=`r`.`id` WHERE  `a`.`user_id` = 100121  AND `r`.`status` = 1 [ RunTime:0.000212s ]
[ sql ] [ SQL ] SELECT * FROM `t_auth_access` `a` INNER JOIN `t_auth_rule` `b` ON `a`.`rule_name`=`b`.`name` WHERE  `a`.`role_id` IN (7)  AND `b`.`name` IN ('admin/onlinevideo/index') [ RunTime:0.000294s ]
[ sql ] [ SQL ] SELECT COUNT(*) AS tp_count FROM `t_auth_rule` WHERE  `name` = 'admin/gift/index' LIMIT 1 [ RunTime:0.000185s ]
[ sql ] [ SQL ] SELECT `role_id` FROM `t_role_user` `a` INNER JOIN `t_role` `r` ON `a`.`role_id`=`r`.`id` WHERE  `a`.`user_id` = 100121  AND `r`.`status` = 1 [ RunTime:0.000213s ]
[ sql ] [ SQL ] SELECT * FROM `t_auth_access` `a` INNER JOIN `t_auth_rule` `b` ON `a`.`rule_name`=`b`.`name` WHERE  `a`.`role_id` IN (7)  AND `b`.`name` IN ('admin/gift/index') [ RunTime:0.000289s ]
[ sql ] [ SQL ] SELECT COUNT(*) AS tp_count FROM `t_auth_rule` WHERE  `name` = 'admin/banner/index' LIMIT 1 [ RunTime:0.000186s ]
[ sql ] [ SQL ] SELECT `role_id` FROM `t_role_user` `a` INNER JOIN `t_role` `r` ON `a`.`role_id`=`r`.`id` WHERE  `a`.`user_id` = 100121  AND `r`.`status` = 1 [ RunTime:0.000209s ]
[ sql ] [ SQL ] SELECT * FROM `t_auth_access` `a` INNER JOIN `t_auth_rule` `b` ON `a`.`rule_name`=`b`.`name` WHERE  `a`.`role_id` IN (7)  AND `b`.`name` IN ('admin/banner/index') [ RunTime:0.000291s ]
[ sql ] [ SQL ] SELECT COUNT(*) AS tp_count FROM `t_auth_rule` WHERE  `name` = 'admin/customservice/default' LIMIT 1 [ RunTime:0.000185s ]
[ sql ] [ SQL ] SELECT `role_id` FROM `t_role_user` `a` INNER JOIN `t_role` `r` ON `a`.`role_id`=`r`.`id` WHERE  `a`.`user_id` = 100121  AND `r`.`status` = 1 [ RunTime:0.000213s ]
[ sql ] [ SQL ] SELECT * FROM `t_auth_access` `a` INNER JOIN `t_auth_rule` `b` ON `a`.`rule_name`=`b`.`name` WHERE  `a`.`role_id` IN (7)  AND `b`.`name` IN ('admin/customservice/default') [ RunTime:0.000291s ]
[ sql ] [ SQL ] SELECT * FROM `t_admin_menu` WHERE  `parent_id` = 180  AND `status` = 1 ORDER BY `list_order` ASC [ RunTime:0.000349s ]
[ sql ] [ SQL ] SELECT COUNT(*) AS tp_count FROM `t_auth_rule` WHERE  `name` = 'admin/headaudits/index' LIMIT 1 [ RunTime:0.000190s ]
[ sql ] [ SQL ] SELECT `role_id` FROM `t_role_user` `a` INNER JOIN `t_role` `r` ON `a`.`role_id`=`r`.`id` WHERE  `a`.`user_id` = 100121  AND `r`.`status` = 1 [ RunTime:0.000229s ]
[ sql ] [ SQL ] SELECT * FROM `t_auth_access` `a` INNER JOIN `t_auth_rule` `b` ON `a`.`rule_name`=`b`.`name` WHERE  `a`.`role_id` IN (7)  AND `b`.`name` IN ('admin/headaudits/index') [ RunTime:0.000295s ]
[ sql ] [ SQL ] SELECT COUNT(*) AS tp_count FROM `t_auth_rule` WHERE  `name` = 'admin/realnameauth/index' LIMIT 1 [ RunTime:0.000183s ]
[ sql ] [ SQL ] SELECT `role_id` FROM `t_role_user` `a` INNER JOIN `t_role` `r` ON `a`.`role_id`=`r`.`id` WHERE  `a`.`user_id` = 100121  AND `r`.`status` = 1 [ RunTime:0.000226s ]
[ sql ] [ SQL ] SELECT * FROM `t_auth_access` `a` INNER JOIN `t_auth_rule` `b` ON `a`.`rule_name`=`b`.`name` WHERE  `a`.`role_id` IN (7)  AND `b`.`name` IN ('admin/realnameauth/index') [ RunTime:0.000295s ]
[ sql ] [ SQL ] SELECT COUNT(*) AS tp_count FROM `t_auth_rule` WHERE  `name` = 'admin/darenauth/index' LIMIT 1 [ RunTime:0.000182s ]
[ sql ] [ SQL ] SELECT `role_id` FROM `t_role_user` `a` INNER JOIN `t_role` `r` ON `a`.`role_id`=`r`.`id` WHERE  `a`.`user_id` = 100121  AND `r`.`status` = 1 [ RunTime:0.000225s ]
[ sql ] [ SQL ] SELECT * FROM `t_auth_access` `a` INNER JOIN `t_auth_rule` `b` ON `a`.`rule_name`=`b`.`name` WHERE  `a`.`role_id` IN (7)  AND `b`.`name` IN ('admin/darenauth/index') [ RunTime:0.000292s ]
[ sql ] [ SQL ] SELECT COUNT(*) AS tp_count FROM `t_auth_rule` WHERE  `name` = 'admin/albumresources/index' LIMIT 1 [ RunTime:0.000183s ]
[ sql ] [ SQL ] SELECT `role_id` FROM `t_role_user` `a` INNER JOIN `t_role` `r` ON `a`.`role_id`=`r`.`id` WHERE  `a`.`user_id` = 100121  AND `r`.`status` = 1 [ RunTime:0.000210s ]
[ sql ] [ SQL ] SELECT * FROM `t_auth_access` `a` INNER JOIN `t_auth_rule` `b` ON `a`.`rule_name`=`b`.`name` WHERE  `a`.`role_id` IN (7)  AND `b`.`name` IN ('admin/albumresources/index') [ RunTime:0.000297s ]
[ sql ] [ SQL ] SELECT COUNT(*) AS tp_count FROM `t_auth_rule` WHERE  `name` = 'admin/videoresources/index' LIMIT 1 [ RunTime:0.000182s ]
[ sql ] [ SQL ] SELECT `role_id` FROM `t_role_user` `a` INNER JOIN `t_role` `r` ON `a`.`role_id`=`r`.`id` WHERE  `a`.`user_id` = 100121  AND `r`.`status` = 1 [ RunTime:0.000209s ]
[ sql ] [ SQL ] SELECT * FROM `t_auth_access` `a` INNER JOIN `t_auth_rule` `b` ON `a`.`rule_name`=`b`.`name` WHERE  `a`.`role_id` IN (7)  AND `b`.`name` IN ('admin/videoresources/index') [ RunTime:0.000298s ]
[ sql ] [ SQL ] SELECT * FROM `t_admin_menu` WHERE  `parent_id` = 322  AND `status` = 1 ORDER BY `list_order` ASC [ RunTime:0.000255s ]
[ sql ] [ SQL ] SELECT * FROM `t_admin_menu` WHERE  `parent_id` = 174  AND `status` = 1 ORDER BY `list_order` ASC [ RunTime:0.000342s ]
[ sql ] [ SQL ] SELECT * FROM `t_admin_menu` WHERE  `parent_id` = 226  AND `status` = 1 ORDER BY `list_order` ASC [ RunTime:0.000301s ]
[ sql ] [ SQL ] SELECT * FROM `t_admin_menu` WHERE  `parent_id` = 227  AND `status` = 1 ORDER BY `list_order` ASC [ RunTime:0.000320s ]
[ sql ] [ SQL ] SELECT * FROM `t_admin_menu` WHERE  `parent_id` = 294  AND `status` = 1 ORDER BY `list_order` ASC [ RunTime:0.000286s ]
[ sql ] [ SQL ] SELECT COUNT(*) AS tp_count FROM `t_auth_rule` WHERE  `name` = 'admin/livechannel/index' LIMIT 1 [ RunTime:0.000181s ]
[ sql ] [ SQL ] SELECT COUNT(*) AS tp_count FROM `t_auth_rule` WHERE  `name` = 'admin/livehome/index' LIMIT 1 [ RunTime:0.000183s ]
[ sql ] [ SQL ] SELECT COUNT(*) AS tp_count FROM `t_auth_rule` WHERE  `name` = 'admin/liveviewer/index' LIMIT 1 [ RunTime:0.000167s ]
[ sql ] [ SQL ] SELECT COUNT(*) AS tp_count FROM `t_auth_rule` WHERE  `name` = 'admin/liveorder/index' LIMIT 1 [ RunTime:0.000164s ]
[ sql ] [ SQL ] SELECT COUNT(*) AS tp_count FROM `t_auth_rule` WHERE  `name` = 'admin/liverecord/index' LIMIT 1 [ RunTime:0.000163s ]
[ sql ] [ SQL ] SELECT COUNT(*) AS tp_count FROM `t_auth_rule` WHERE  `name` = 'admin/livemike/index' LIMIT 1 [ RunTime:0.000180s ]
[ sql ] [ SQL ] SELECT COUNT(*) AS tp_count FROM `t_auth_rule` WHERE  `name` = 'admin/livestream/index' LIMIT 1 [ RunTime:0.000162s ]
[ sql ] [ SQL ] SELECT COUNT(*) AS tp_count FROM `t_auth_rule` WHERE  `name` = 'admin/livebanspeech/index' LIMIT 1 [ RunTime:0.000163s ]
[ sql ] [ SQL ] SELECT COUNT(*) AS tp_count FROM `t_auth_rule` WHERE  `name` = 'admin/livemanager/index' LIMIT 1 [ RunTime:0.000161s ]
[ sql ] [ SQL ] SELECT COUNT(*) AS tp_count FROM `t_auth_rule` WHERE  `name` = 'admin/liveremove/index' LIMIT 1 [ RunTime:0.000176s ]
[ sql ] [ SQL ] SELECT * FROM `t_admin_menu` WHERE  `parent_id` = 295  AND `status` = 1 ORDER BY `list_order` ASC [ RunTime:0.000241s ]
[ sql ] [ SQL ] SELECT * FROM `t_admin_menu` WHERE  `parent_id` = 296  AND `status` = 1 ORDER BY `list_order` ASC [ RunTime:0.000242s ]
[ sql ] [ SQL ] SELECT * FROM `t_admin_menu` WHERE  `parent_id` = 297  AND `status` = 1 ORDER BY `list_order` ASC [ RunTime:0.000255s ]
[ sql ] [ SQL ] SELECT * FROM `t_admin_menu` WHERE  `parent_id` = 298  AND `status` = 1 ORDER BY `list_order` ASC [ RunTime:0.000240s ]
[ sql ] [ SQL ] SELECT * FROM `t_admin_menu` WHERE  `parent_id` = 299  AND `status` = 1 ORDER BY `list_order` ASC [ RunTime:0.000238s ]
[ sql ] [ SQL ] SELECT * FROM `t_admin_menu` WHERE  `parent_id` = 300  AND `status` = 1 ORDER BY `list_order` ASC [ RunTime:0.000243s ]
[ sql ] [ SQL ] SELECT * FROM `t_admin_menu` WHERE  `parent_id` = 301  AND `status` = 1 ORDER BY `list_order` ASC [ RunTime:0.000239s ]
[ sql ] [ SQL ] SELECT * FROM `t_admin_menu` WHERE  `parent_id` = 305  AND `status` = 1 ORDER BY `list_order` ASC [ RunTime:0.000238s ]
[ sql ] [ SQL ] SELECT * FROM `t_admin_menu` WHERE  `parent_id` = 306  AND `status` = 1 ORDER BY `list_order` ASC [ RunTime:0.000242s ]
[ sql ] [ SQL ] SELECT * FROM `t_admin_menu` WHERE  `parent_id` = 307  AND `status` = 1 ORDER BY `list_order` ASC [ RunTime:0.000237s ]
[ sql ] [ SQL ] SELECT * FROM `t_admin_menu` WHERE  `parent_id` = 308  AND `status` = 1 ORDER BY `list_order` ASC [ RunTime:0.000252s ]
[ sql ] [ SQL ] SELECT * FROM `t_admin_menu` WHERE  `parent_id` = 179  AND `status` = 1 ORDER BY `list_order` ASC [ RunTime:0.000247s ]
[ sql ] [ SQL ] SELECT * FROM `t_admin_menu` WHERE  `parent_id` = 183  AND `status` = 1 ORDER BY `list_order` ASC [ RunTime:0.000303s ]
[ sql ] [ SQL ] SELECT * FROM `t_admin_menu` WHERE  `parent_id` = 184  AND `status` = 1 ORDER BY `list_order` ASC [ RunTime:0.000264s ]
[ sql ] [ SQL ] SELECT * FROM `t_admin_menu` WHERE  `parent_id` = 109  AND `status` = 1 ORDER BY `list_order` ASC [ RunTime:0.000319s ]
[ sql ] [ SQL ] SELECT COUNT(*) AS tp_count FROM `t_auth_rule` WHERE  `name` = 'user/adminindex/default1' LIMIT 1 [ RunTime:0.000185s ]
[ sql ] [ SQL ] SELECT `role_id` FROM `t_role_user` `a` INNER JOIN `t_role` `r` ON `a`.`role_id`=`r`.`id` WHERE  `a`.`user_id` = 100121  AND `r`.`status` = 1 [ RunTime:0.000213s ]
[ sql ] [ SQL ] SELECT * FROM `t_auth_access` `a` INNER JOIN `t_auth_rule` `b` ON `a`.`rule_name`=`b`.`name` WHERE  `a`.`role_id` IN (7)  AND `b`.`name` IN ('user/adminindex/default1') [ RunTime:0.000293s ]
[ sql ] [ SQL ] SELECT COUNT(*) AS tp_count FROM `t_auth_rule` WHERE  `name` = 'rbac/rbacmenu/index' LIMIT 1 [ RunTime:0.000184s ]
[ sql ] [ SQL ] SELECT `role_id` FROM `t_role_user` `a` INNER JOIN `t_role` `r` ON `a`.`role_id`=`r`.`id` WHERE  `a`.`user_id` = 100121  AND `r`.`status` = 1 [ RunTime:0.000214s ]
[ sql ] [ SQL ] SELECT * FROM `t_auth_access` `a` INNER JOIN `t_auth_rule` `b` ON `a`.`rule_name`=`b`.`name` WHERE  `a`.`role_id` IN (7)  AND `b`.`name` IN ('rbac/rbacmenu/index') [ RunTime:0.000290s ]
[ sql ] [ SQL ] SELECT * FROM `t_admin_menu` WHERE  `parent_id` = 152  AND `status` = 1 ORDER BY `list_order` ASC [ RunTime:0.000330s ]
[ sql ] [ SQL ] SELECT COUNT(*) AS tp_count FROM `t_auth_rule` WHERE  `name` = 'admin/usercoinchange/index' LIMIT 1 [ RunTime:0.000190s ]
[ sql ] [ SQL ] SELECT `role_id` FROM `t_role_user` `a` INNER JOIN `t_role` `r` ON `a`.`role_id`=`r`.`id` WHERE  `a`.`user_id` = 100121  AND `r`.`status` = 1 [ RunTime:0.000211s ]
[ sql ] [ SQL ] SELECT * FROM `t_auth_access` `a` INNER JOIN `t_auth_rule` `b` ON `a`.`rule_name`=`b`.`name` WHERE  `a`.`role_id` IN (7)  AND `b`.`name` IN ('admin/usercoinchange/index') [ RunTime:0.000311s ]
[ sql ] [ SQL ] SELECT COUNT(*) AS tp_count FROM `t_auth_rule` WHERE  `name` = 'admin/usermember/index' LIMIT 1 [ RunTime:0.000183s ]
[ sql ] [ SQL ] SELECT `role_id` FROM `t_role_user` `a` INNER JOIN `t_role` `r` ON `a`.`role_id`=`r`.`id` WHERE  `a`.`user_id` = 100121  AND `r`.`status` = 1 [ RunTime:0.000210s ]
[ sql ] [ SQL ] SELECT * FROM `t_auth_access` `a` INNER JOIN `t_auth_rule` `b` ON `a`.`rule_name`=`b`.`name` WHERE  `a`.`role_id` IN (7)  AND `b`.`name` IN ('admin/usermember/index') [ RunTime:0.000310s ]
[ sql ] [ SQL ] SELECT * FROM `t_admin_menu` WHERE  `parent_id` = 193  AND `status` = 1 ORDER BY `list_order` ASC [ RunTime:0.000289s ]
[ sql ] [ SQL ] SELECT * FROM `t_admin_menu` WHERE  `parent_id` = 223  AND `status` = 1 ORDER BY `list_order` ASC [ RunTime:0.000271s ]
[ sql ] [ SQL ] SELECT COUNT(*) AS tp_count FROM `t_auth_rule` WHERE  `name` = 'admin/viporder/index' LIMIT 1 [ RunTime:0.000189s ]
[ sql ] [ SQL ] SELECT `role_id` FROM `t_role_user` `a` INNER JOIN `t_role` `r` ON `a`.`role_id`=`r`.`id` WHERE  `a`.`user_id` = 100121  AND `r`.`status` = 1 [ RunTime:0.000211s ]
[ sql ] [ SQL ] SELECT * FROM `t_auth_access` `a` INNER JOIN `t_auth_rule` `b` ON `a`.`rule_name`=`b`.`name` WHERE  `a`.`role_id` IN (7)  AND `b`.`name` IN ('admin/viporder/index') [ RunTime:0.000293s ]
[ sql ] [ SQL ] SELECT COUNT(*) AS tp_count FROM `t_auth_rule` WHERE  `name` = 'admin/rechargeorder/index' LIMIT 1 [ RunTime:0.000186s ]
[ sql ] [ SQL ] SELECT `role_id` FROM `t_role_user` `a` INNER JOIN `t_role` `r` ON `a`.`role_id`=`r`.`id` WHERE  `a`.`user_id` = 100121  AND `r`.`status` = 1 [ RunTime:0.000211s ]
[ sql ] [ SQL ] SELECT * FROM `t_auth_access` `a` INNER JOIN `t_auth_rule` `b` ON `a`.`rule_name`=`b`.`name` WHERE  `a`.`role_id` IN (7)  AND `b`.`name` IN ('admin/rechargeorder/index') [ RunTime:0.000290s ]
[ sql ] [ SQL ] SELECT COUNT(*) AS tp_count FROM `t_auth_rule` WHERE  `name` = 'admin/withdraworder/index' LIMIT 1 [ RunTime:0.000187s ]
[ sql ] [ SQL ] SELECT `role_id` FROM `t_role_user` `a` INNER JOIN `t_role` `r` ON `a`.`role_id`=`r`.`id` WHERE  `a`.`user_id` = 100121  AND `r`.`status` = 1 [ RunTime:0.000209s ]
[ sql ] [ SQL ] SELECT * FROM `t_auth_access` `a` INNER JOIN `t_auth_rule` `b` ON `a`.`rule_name`=`b`.`name` WHERE  `a`.`role_id` IN (7)  AND `b`.`name` IN ('admin/withdraworder/index') [ RunTime:0.000290s ]
[ sql ] [ SQL ] SELECT COUNT(*) AS tp_count FROM `t_auth_rule` WHERE  `name` = 'admin/paytrade/index' LIMIT 1 [ RunTime:0.000196s ]
[ sql ] [ SQL ] SELECT `role_id` FROM `t_role_user` `a` INNER JOIN `t_role` `r` ON `a`.`role_id`=`r`.`id` WHERE  `a`.`user_id` = 100121  AND `r`.`status` = 1 [ RunTime:0.000210s ]
[ sql ] [ SQL ] SELECT * FROM `t_auth_access` `a` INNER JOIN `t_auth_rule` `b` ON `a`.`rule_name`=`b`.`name` WHERE  `a`.`role_id` IN (7)  AND `b`.`name` IN ('admin/paytrade/index') [ RunTime:0.000295s ]
[ sql ] [ SQL ] SELECT COUNT(*) AS tp_count FROM `t_auth_rule` WHERE  `name` = 'admin/usercoin/index' LIMIT 1 [ RunTime:0.000198s ]
[ sql ] [ SQL ] SELECT `role_id` FROM `t_role_user` `a` INNER JOIN `t_role` `r` ON `a`.`role_id`=`r`.`id` WHERE  `a`.`user_id` = 100121  AND `r`.`status` = 1 [ RunTime:0.000210s ]
[ sql ] [ SQL ] SELECT * FROM `t_auth_access` `a` INNER JOIN `t_auth_rule` `b` ON `a`.`rule_name`=`b`.`name` WHERE  `a`.`role_id` IN (7)  AND `b`.`name` IN ('admin/usercoin/index') [ RunTime:0.000289s ]
[ sql ] [ SQL ] SELECT * FROM `t_admin_menu` WHERE  `parent_id` = 195  AND `status` = 1 ORDER BY `list_order` ASC [ RunTime:0.000270s ]
[ sql ] [ SQL ] SELECT * FROM `t_admin_menu` WHERE  `parent_id` = 162  AND `status` = 1 ORDER BY `list_order` ASC [ RunTime:0.000320s ]
[ sql ] [ SQL ] SELECT COUNT(*) AS tp_count FROM `t_auth_rule` WHERE  `name` = 'admin/setting/login' LIMIT 1 [ RunTime:0.000202s ]
[ sql ] [ SQL ] SELECT `role_id` FROM `t_role_user` `a` INNER JOIN `t_role` `r` ON `a`.`role_id`=`r`.`id` WHERE  `a`.`user_id` = 100121  AND `r`.`status` = 1 [ RunTime:0.000216s ]
[ sql ] [ SQL ] SELECT * FROM `t_auth_access` `a` INNER JOIN `t_auth_rule` `b` ON `a`.`rule_name`=`b`.`name` WHERE  `a`.`role_id` IN (7)  AND `b`.`name` IN ('admin/setting/login') [ RunTime:0.000291s ]
[ sql ] [ SQL ] SELECT COUNT(*) AS tp_count FROM `t_auth_rule` WHERE  `name` = 'admin/setting/default' LIMIT 1 [ RunTime:0.000183s ]
[ sql ] [ SQL ] SELECT `role_id` FROM `t_role_user` `a` INNER JOIN `t_role` `r` ON `a`.`role_id`=`r`.`id` WHERE  `a`.`user_id` = 100121  AND `r`.`status` = 1 [ RunTime:0.000213s ]
[ sql ] [ SQL ] SELECT * FROM `t_auth_access` `a` INNER JOIN `t_auth_rule` `b` ON `a`.`rule_name`=`b`.`name` WHERE  `a`.`role_id` IN (7)  AND `b`.`name` IN ('admin/setting/default') [ RunTime:0.000292s ]
[ sql ] [ SQL ] SELECT COUNT(*) AS tp_count FROM `t_auth_rule` WHERE  `name` = 'admin/adminmsg/index' LIMIT 1 [ RunTime:0.000181s ]
[ sql ] [ SQL ] SELECT `role_id` FROM `t_role_user` `a` INNER JOIN `t_role` `r` ON `a`.`role_id`=`r`.`id` WHERE  `a`.`user_id` = 100121  AND `r`.`status` = 1 [ RunTime:0.000213s ]
[ sql ] [ SQL ] SELECT * FROM `t_auth_access` `a` INNER JOIN `t_auth_rule` `b` ON `a`.`rule_name`=`b`.`name` WHERE  `a`.`role_id` IN (7)  AND `b`.`name` IN ('admin/adminmsg/index') [ RunTime:0.000291s ]
[ sql ] [ SQL ] SELECT COUNT(*) AS tp_count FROM `t_auth_rule` WHERE  `name` = 'admin/givenconfig/defaultpage' LIMIT 1 [ RunTime:0.000175s ]
[ sql ] [ SQL ] SELECT * FROM `t_admin_menu` WHERE  `parent_id` = 175  AND `status` = 1 ORDER BY `list_order` ASC [ RunTime:0.000334s ]
[ sql ] [ SQL ] SELECT COUNT(*) AS tp_count FROM `t_auth_rule` WHERE  `name` = 'admin/sendmsgtemplate/msgtemplatelist' LIMIT 1 [ RunTime:0.000187s ]
[ sql ] [ SQL ] SELECT `role_id` FROM `t_role_user` `a` INNER JOIN `t_role` `r` ON `a`.`role_id`=`r`.`id` WHERE  `a`.`user_id` = 100121  AND `r`.`status` = 1 [ RunTime:0.000225s ]
[ sql ] [ SQL ] SELECT * FROM `t_auth_access` `a` INNER JOIN `t_auth_rule` `b` ON `a`.`rule_name`=`b`.`name` WHERE  `a`.`role_id` IN (7)  AND `b`.`name` IN ('admin/sendmsgtemplate/msgtemplatelist') [ RunTime:0.000296s ]
[ sql ] [ SQL ] SELECT COUNT(*) AS tp_count FROM `t_auth_rule` WHERE  `name` = 'admin/smscode/index' LIMIT 1 [ RunTime:0.000183s ]
[ sql ] [ SQL ] SELECT `role_id` FROM `t_role_user` `a` INNER JOIN `t_role` `r` ON `a`.`role_id`=`r`.`id` WHERE  `a`.`user_id` = 100121  AND `r`.`status` = 1 [ RunTime:0.000209s ]
[ sql ] [ SQL ] SELECT * FROM `t_auth_access` `a` INNER JOIN `t_auth_rule` `b` ON `a`.`rule_name`=`b`.`name` WHERE  `a`.`role_id` IN (7)  AND `b`.`name` IN ('admin/smscode/index') [ RunTime:0.000308s ]
[ sql ] [ SQL ] SELECT COUNT(*) AS tp_count FROM `t_auth_rule` WHERE  `name` = 'admin/sendusermessages/index' LIMIT 1 [ RunTime:0.000184s ]
[ sql ] [ SQL ] SELECT `role_id` FROM `t_role_user` `a` INNER JOIN `t_role` `r` ON `a`.`role_id`=`r`.`id` WHERE  `a`.`user_id` = 100121  AND `r`.`status` = 1 [ RunTime:0.000210s ]
[ sql ] [ SQL ] SELECT * FROM `t_auth_access` `a` INNER JOIN `t_auth_rule` `b` ON `a`.`rule_name`=`b`.`name` WHERE  `a`.`role_id` IN (7)  AND `b`.`name` IN ('admin/sendusermessages/index') [ RunTime:0.000296s ]
[ sql ] [ SQL ] SELECT * FROM `t_admin_menu` WHERE  `parent_id` = 205  AND `status` = 1 ORDER BY `list_order` ASC [ RunTime:0.000246s ]
[ sql ] [ SQL ] SELECT * FROM `t_admin_menu` WHERE  `parent_id` = 220  AND `status` = 1 ORDER BY `list_order` ASC [ RunTime:0.000261s ]
[ sql ] [ SQL ] SELECT * FROM `t_admin_menu` WHERE  `parent_id` = 317  AND `status` = 1 ORDER BY `list_order` ASC [ RunTime:0.000313s ]
[ sql ] [ SQL ] SELECT COUNT(*) AS tp_count FROM `t_auth_rule` WHERE  `name` = 'admin/adjustprices/index' LIMIT 1 [ RunTime:0.000181s ]
[ sql ] [ SQL ] SELECT COUNT(*) AS tp_count FROM `t_auth_rule` WHERE  `name` = 'admin/givenconfig/anchorlevel' LIMIT 1 [ RunTime:0.000182s ]
[ sql ] [ SQL ] SELECT COUNT(*) AS tp_count FROM `t_auth_rule` WHERE  `name` = 'admin/customerconfig/index' LIMIT 1 [ RunTime:0.000175s ]
[ sql ] [ SQL ] SELECT `role_id` FROM `t_role_user` `a` INNER JOIN `t_role` `r` ON `a`.`role_id`=`r`.`id` WHERE  `a`.`user_id` = 100121  AND `r`.`status` = 1 [ RunTime:0.000210s ]
[ sql ] [ SQL ] SELECT * FROM `t_auth_access` `a` INNER JOIN `t_auth_rule` `b` ON `a`.`rule_name`=`b`.`name` WHERE  `a`.`role_id` IN (7)  AND `b`.`name` IN ('admin/customerconfig/index') [ RunTime:0.000307s ]
[ sql ] [ SQL ] SELECT * FROM `t_admin_menu` WHERE  `parent_id` = 319  AND `status` = 1 ORDER BY `list_order` ASC [ RunTime:0.000246s ]
[ sql ] [ SQL ] SELECT * FROM `t_admin_menu` WHERE  `parent_id` = 321  AND `status` = 1 ORDER BY `list_order` ASC [ RunTime:0.000242s ]
[ sql ] [ SQL ] SELECT * FROM `t_admin_menu` ORDER BY `app` ASC,`controller` ASC,`action` ASC [ RunTime:0.000648s ]
[ sql ] [ SQL ] SHOW COLUMNS FROM `t_user_message` [ RunTime:0.000496s ]
[ sql ] [ SQL ] SELECT COUNT(*) AS tp_count FROM `t_user_message` WHERE  (  status=1 and receive_id =100121 and read_flag = 0 ) LIMIT 1 [ RunTime:0.000331s ]
[ sql ] [ SQL ] SELECT * FROM `t_user_message` WHERE  (  status=1 and receive_id =100121 and read_flag = 0 ) [ RunTime:0.000436s ]
---------------------------------------------------------------
[ 2019-11-06T11:18:55+08:00 ] 123.52.87.56 POST /admin/index/getmessagenumber.html
[ sql ] [ DB ] CONNECT:[ UseTime:0.000619s ] mysql:host=127.0.0.1;port=3306;dbname=iliao_db;charset=utf8mb4
[ sql ] [ SQL ] SHOW COLUMNS FROM `t_user` [ RunTime:0.000794s ]
[ sql ] [ SQL ] SELECT * FROM `t_user` WHERE  `id` = 100121 LIMIT 1 [ RunTime:0.000516s ]
[ sql ] [ SQL ] SHOW COLUMNS FROM `t_auth_rule` [ RunTime:0.000477s ]
[ sql ] [ SQL ] SELECT COUNT(*) AS tp_count FROM `t_auth_rule` WHERE  `name` = 'admin/index/getmessagenumber' LIMIT 1 [ RunTime:0.000215s ]
[ sql ] [ SQL ] SHOW COLUMNS FROM `t_user_message` [ RunTime:0.000450s ]
[ sql ] [ SQL ] SELECT COUNT(*) AS tp_count FROM `t_user_message` WHERE  (  status=1 and receive_id =100121 and read_flag = 0 ) LIMIT 1 [ RunTime:0.000361s ]
[ sql ] [ SQL ] SELECT * FROM `t_user_message` WHERE  (  status=1 and receive_id =100121 and read_flag = 0 ) [ RunTime:0.000431s ]
---------------------------------------------------------------
[ 2019-11-06T11:18:55+08:00 ] 123.52.87.56 GET /admin/online_video/index.html?t=1572962323647
[ sql ] [ DB ] CONNECT:[ UseTime:0.000670s ] mysql:host=127.0.0.1;port=3306;dbname=iliao_db;charset=utf8mb4
[ sql ] [ SQL ] SHOW COLUMNS FROM `t_user` [ RunTime:0.000868s ]
[ sql ] [ SQL ] SELECT * FROM `t_user` WHERE  `id` = 100121 LIMIT 1 [ RunTime:0.000544s ]
[ sql ] [ SQL ] SHOW COLUMNS FROM `t_auth_rule` [ RunTime:0.000492s ]
[ sql ] [ SQL ] SELECT COUNT(*) AS tp_count FROM `t_auth_rule` WHERE  `name` = 'admin/onlinevideo/index' LIMIT 1 [ RunTime:0.000228s ]
[ sql ] [ SQL ] SHOW COLUMNS FROM `t_role_user` [ RunTime:0.000386s ]
[ sql ] [ SQL ] SELECT `role_id` FROM `t_role_user` `a` INNER JOIN `t_role` `r` ON `a`.`role_id`=`r`.`id` WHERE  `a`.`user_id` = 100121  AND `r`.`status` = 1 [ RunTime:0.000260s ]
[ sql ] [ SQL ] SHOW COLUMNS FROM `t_auth_access` [ RunTime:0.000375s ]
[ sql ] [ SQL ] SELECT * FROM `t_auth_access` `a` INNER JOIN `t_auth_rule` `b` ON `a`.`rule_name`=`b`.`name` WHERE  `a`.`role_id` IN (7)  AND `b`.`name` IN ('admin/onlinevideo/index') [ RunTime:0.000345s ]
---------------------------------------------------------------
[ 2019-11-06T11:18:56+08:00 ] 123.52.87.56 GET /admin/online_video/index?data%5Bkeywords%5D=&pageIndex=0&sortField=1&sortType=desc&pageSize=10&_=1573010328487
[ sql ] [ DB ] CONNECT:[ UseTime:0.000623s ] mysql:host=127.0.0.1;port=3306;dbname=iliao_db;charset=utf8mb4
[ sql ] [ SQL ] SHOW COLUMNS FROM `t_user` [ RunTime:0.000838s ]
[ sql ] [ SQL ] SELECT * FROM `t_user` WHERE  `id` = 100121 LIMIT 1 [ RunTime:0.000524s ]
[ sql ] [ SQL ] SHOW COLUMNS FROM `t_auth_rule` [ RunTime:0.000500s ]
[ sql ] [ SQL ] SELECT COUNT(*) AS tp_count FROM `t_auth_rule` WHERE  `name` = 'admin/onlinevideo/index' LIMIT 1 [ RunTime:0.000269s ]
[ sql ] [ SQL ] SHOW COLUMNS FROM `t_role_user` [ RunTime:0.000379s ]
[ sql ] [ SQL ] SELECT `role_id` FROM `t_role_user` `a` INNER JOIN `t_role` `r` ON `a`.`role_id`=`r`.`id` WHERE  `a`.`user_id` = 100121  AND `r`.`status` = 1 [ RunTime:0.000292s ]
[ sql ] [ SQL ] SHOW COLUMNS FROM `t_auth_access` [ RunTime:0.000372s ]
[ sql ] [ SQL ] SELECT * FROM `t_auth_access` `a` INNER JOIN `t_auth_rule` `b` ON `a`.`rule_name`=`b`.`name` WHERE  `a`.`role_id` IN (7)  AND `b`.`name` IN ('admin/onlinevideo/index') [ RunTime:0.000354s ]
[ sql ] [ SQL ] SHOW COLUMNS FROM `t_chat_trtc` [ RunTime:0.000411s ]
[ sql ] [ SQL ] SELECT COUNT(*) AS tp_count FROM ( SELECT GROUP_CONCAT(id) as ids,
                        GROUP_CONCAT(user_id) as uid, 
                        GROUP_CONCAT(stream_id) as streams, 
                        home_id,
                        create_time,count(*) FROM `t_chat_trtc` WHERE  `status` = 1 GROUP BY `home_id` ORDER BY `id` DESC ) `_group_count_` LIMIT 1 [ RunTime:0.002239s ]
[ sql ] [ SQL ] SELECT GROUP_CONCAT(id) as ids,
                        GROUP_CONCAT(user_id) as uid, 
                        GROUP_CONCAT(stream_id) as streams, 
                        home_id,
                        create_time FROM `t_chat_trtc` WHERE  `status` = 1 GROUP BY `home_id` ORDER BY `id` DESC LIMIT 0,10 [ RunTime:0.002022s ]
